<?xml version="1.0" encoding="utf-8"?>
<TestRun id="4f645697-b846-4582-8c97-f3cc2e60626f" name="@FilmBium-MacBook-Pro 2026-03-14 14:30:05" xmlns="http://microsoft.com/schemas/VisualStudio/TeamTest/2010">
  <Times creation="2026-03-14T14:30:05.2456800+09:00" queuing="2026-03-14T14:30:05.2456800+09:00" start="2026-03-14T14:30:03.3566350+09:00" finish="2026-03-14T14:30:06.4892840+09:00" />
  <TestSettings name="default" id="f99b3a60-e97b-453a-8edf-38320eb44309">
    <Deployment runDeploymentRoot="_FilmBium-MacBook-Pro_2026-03-14_14_30_05" />
  </TestSettings>
  <Results>
    <UnitTestResult executionId="e0c4a8c2-d1d4-4632-9d84-b6716581f515" testId="72c0d2a2-21af-feb6-625c-0441d1d294db" testName="GetHistory_InitialState_ReturnsEmptyList" computerName="FilmBium-MacBook-Pro" duration="00:00:00.0001610" startTime="2026-03-14T14:30:05.9564400+09:00" endTime="2026-03-14T14:30:05.9566010+09:00" testType="13cdc9d9-ddb5-4fa4-a97d-d965ccfc6d4b" outcome="Passed" testListId="8c84fa94-04c1-424b-9868-57a2d4851a1d" relativeResultsDirectory="e0c4a8c2-d1d4-4632-9d84-b6716581f515" />
    <UnitTestResult executionId="a9238d37-6b41-47df-a6fb-5c0c3cf09659" testId="d545a9fb-c421-e095-c258-82f232fe31e6" testName="SaveAsync_EmptyImageData_ThrowsArgumentNullException" computerName="FilmBium-MacBook-Pro" duration="00:00:00.0019070" startTime="2026-03-14T14:30:05.8634170+09:00" endTime="2026-03-14T14:30:05.8653250+09:00" testType="13cdc9d9-ddb5-4fa4-a97d-d965ccfc6d4b" outcome="Passed" testListId="8c84fa94-04c1-424b-9868-57a2d4851a1d" relativeResultsDirectory="a9238d37-6b41-47df-a6fb-5c0c3cf09659" />
    <UnitTestResult executionId="b83d6e31-64ba-40c7-acba-99888f35bca2" testId="fd43f1f3-d17d-53c1-55e5-bbe539e1e995" testName="Resolve_IImageProcessor_ReturnsInstance" computerName="FilmBium-MacBook-Pro" duration="00:00:00.0002240" startTime="2026-03-14T14:30:06.2927090+09:00" endTime="2026-03-14T14:30:06.2929320+09:00" testType="13cdc9d9-ddb5-4fa4-a97d-d965ccfc6d4b" outcome="Passed" testListId="8c84fa94-04c1-424b-9868-57a2d4851a1d" relativeResultsDirectory="b83d6e31-64ba-40c7-acba-99888f35bca2" />
    <UnitTestResult executionId="008385df-72ca-4ba3-ab38-4551f82faa7d" testId="0f4f355b-3bac-1f3e-5437-79c5479946fa" testName="ConfidenceThreshold_SetValue_PropertyChangedRaised" computerName="FilmBium-MacBook-Pro" duration="00:00:00.0005999" startTime="2026-03-14T14:30:06.3976790+09:00" endTime="2026-03-14T14:30:06.3982780+09:00" testType="13cdc9d9-ddb5-4fa4-a97d-d965ccfc6d4b" outcome="Passed" testListId="8c84fa94-04c1-424b-9868-57a2d4851a1d" relativeResultsDirectory="008385df-72ca-4ba3-ab38-4551f82faa7d" />
    <UnitTestResult executionId="418fe8ea-5939-46a2-b77d-a5e9a258f480" testId="6d5f8f08-0b6d-8074-4ce8-291f2512a326" testName="ResetDefaultsCommand_ResetsToDefaultValues" computerName="FilmBium-MacBook-Pro" duration="00:00:00.0008940" startTime="2026-03-14T14:30:06.3993400+09:00" endTime="2026-03-14T14:30:06.4002340+09:00" testType="13cdc9d9-ddb5-4fa4-a97d-d965ccfc6d4b" outcome="Passed" testListId="8c84fa94-04c1-424b-9868-57a2d4851a1d" relativeResultsDirectory="418fe8ea-5939-46a2-b77d-a5e9a258f480" />
    <UnitTestResult executionId="b65bfd14-73f9-4975-9f21-17d3998648f3" testId="d7e45726-e675-f4e1-a4c7-07103e2133a2" testName="ExportToCsvAsync_WithRecords_CreatesFile" computerName="FilmBium-MacBook-Pro" duration="00:00:00.0014820" startTime="2026-03-14T14:30:05.9537390+09:00" endTime="2026-03-14T14:30:05.9552210+09:00" testType="13cdc9d9-ddb5-4fa4-a97d-d965ccfc6d4b" outcome="Passed" testListId="8c84fa94-04c1-424b-9868-57a2d4851a1d" relativeResultsDirectory="b65bfd14-73f9-4975-9f21-17d3998648f3" />
    <UnitTestResult executionId="c9153197-715f-45b7-ae3d-4e1e43931721" testId="79da8a44-121a-c29a-6d61-d7e386dcd053" testName="SaveSettingsCommand_UpdatesStatusMessage" computerName="FilmBium-MacBook-Pro" duration="00:00:00.0003560" startTime="2026-03-14T14:30:06.4120770+09:00" endTime="2026-03-14T14:30:06.4124330+09:00" testType="13cdc9d9-ddb5-4fa4-a97d-d965ccfc6d4b" outcome="Passed" testListId="8c84fa94-04c1-424b-9868-57a2d4851a1d" relativeResultsDirectory="c9153197-715f-45b7-ae3d-4e1e43931721" />
    <UnitTestResult executionId="5a0f1669-47c0-4403-af57-292686db6310" testId="c466c36a-8846-105c-f1d3-b88c8eb006c8" testName="Test1" computerName="FilmBium-MacBook-Pro" duration="00:00:00.0006489" startTime="2026-03-14T14:30:06.2996760+09:00" endTime="2026-03-14T14:30:06.3003480+09:00" testType="13cdc9d9-ddb5-4fa4-a97d-d965ccfc6d4b" outcome="Passed" testListId="8c84fa94-04c1-424b-9868-57a2d4851a1d" relativeResultsDirectory="5a0f1669-47c0-4403-af57-292686db6310" />
    <UnitTestResult executionId="624aa5e4-3cbd-4ed9-b167-4b71c00e67c5" testId="b35bb332-6661-916e-ecd6-8099dce1c9f7" testName="RunInferenceAsync_EmptyImageData_ThrowsArgumentNullException" computerName="FilmBium-MacBook-Pro" duration="00:00:00.0013880" startTime="2026-03-14T14:30:05.9351260+09:00" endTime="2026-03-14T14:30:05.9365130+09:00" testType="13cdc9d9-ddb5-4fa4-a97d-d965ccfc6d4b" outcome="Failed" testListId="8c84fa94-04c1-424b-9868-57a2d4851a1d" relativeResultsDirectory="624aa5e4-3cbd-4ed9-b167-4b71c00e67c5">
      <Output>
        <ErrorInfo>
          <Message>  Assert.That(caughtException, expression)
  Expected: &lt;System.ArgumentNullException&gt;
  But was:  &lt;System.InvalidOperationException: Model is not loaded. Call LoadModelAsync first.
   at InspectionSystem.Core.Services.OnnxInferenceEngine.RunInferenceAsync(Byte[] imageData, Int32 width, Int32 height, InferenceOptions options, CancellationToken cancellationToken) in /Users/geseuteu/vision-inspection-portfolio/02_inspection/InspectionSystem.Core/Services/OnnxInferenceEngine.cs:line 55
   at InspectionSystem.Tests.Core.OnnxInferenceEngineTests.&lt;RunInferenceAsync_EmptyImageData_ThrowsArgumentNullException&gt;b__10_0() in /Users/geseuteu/vision-inspection-portfolio/02_inspection/InspectionSystem.Tests/Core/OnnxInferenceEngineTests.cs:line 84
   at NUnit.Framework.Internal.TaskAwaitAdapter.GenericAdapter`1.GetResult()
   at NUnit.Framework.Internal.AsyncToSyncAdapter.Await[TResult](TestExecutionContext context, Func`1 invoke)
   at NUnit.Framework.Internal.AsyncToSyncAdapter.Await(TestExecutionContext context, Func`1 invoke)
   at NUnit.Framework.Assert.ThrowsAsync(IResolveConstraint expression, AsyncTestDelegate code, String message, Object[] args)&gt;
</Message>
          <StackTrace>   at InspectionSystem.Tests.Core.OnnxInferenceEngineTests.RunInferenceAsync_EmptyImageData_ThrowsArgumentNullException() in /Users/geseuteu/vision-inspection-portfolio/02_inspection/InspectionSystem.Tests/Core/OnnxInferenceEngineTests.cs:line 83

1)    at InspectionSystem.Tests.Core.OnnxInferenceEngineTests.RunInferenceAsync_EmptyImageData_ThrowsArgumentNullException() in /Users/geseuteu/vision-inspection-portfolio/02_inspection/InspectionSystem.Tests/Core/OnnxInferenceEngineTests.cs:line 83

</StackTrace>
        </ErrorInfo>
      </Output>
    </UnitTestResult>
    <UnitTestResult executionId="eaa26085-6682-4a33-ae64-481e83f3cce9" testId="55f075bb-cc7d-2eac-e9dc-69d095eba35a" testName="CancelInspectionCommand_WhenNotInspecting_StatusMessageUpdated" computerName="FilmBium-MacBook-Pro" duration="00:00:00.0024450" startTime="2026-03-14T14:30:06.3634860+09:00" endTime="2026-03-14T14:30:06.3659310+09:00" testType="13cdc9d9-ddb5-4fa4-a97d-d965ccfc6d4b" outcome="Passed" testListId="8c84fa94-04c1-424b-9868-57a2d4851a1d" relativeResultsDirectory="eaa26085-6682-4a33-ae64-481e83f3cce9" />
    <UnitTestResult executionId="407563f6-b028-420f-bebe-9aaa6ea02e5d" testId="b8dcfcd0-ca58-295f-761c-3b64360edd19" testName="RunInferenceAsync_NegativeWidth_ThrowsArgumentOutOfRangeException" computerName="FilmBium-MacBook-Pro" duration="00:00:00.0011130" startTime="2026-03-14T14:30:05.9371650+09:00" endTime="2026-03-14T14:30:05.9382780+09:00" testType="13cdc9d9-ddb5-4fa4-a97d-d965ccfc6d4b" outcome="Failed" testListId="8c84fa94-04c1-424b-9868-57a2d4851a1d" relativeResultsDirectory="407563f6-b028-420f-bebe-9aaa6ea02e5d">
      <Output>
        <ErrorInfo>
          <Message>  Assert.That(caughtException, expression)
  Expected: &lt;System.ArgumentOutOfRangeException&gt;
  But was:  &lt;System.InvalidOperationException: Model is not loaded. Call LoadModelAsync first.
   at InspectionSystem.Core.Services.OnnxInferenceEngine.RunInferenceAsync(Byte[] imageData, Int32 width, Int32 height, InferenceOptions options, CancellationToken cancellationToken) in /Users/geseuteu/vision-inspection-portfolio/02_inspection/InspectionSystem.Core/Services/OnnxInferenceEngine.cs:line 55
   at InspectionSystem.Tests.Core.OnnxInferenceEngineTests.&lt;RunInferenceAsync_NegativeWidth_ThrowsArgumentOutOfRangeException&gt;b__13_0() in /Users/geseuteu/vision-inspection-portfolio/02_inspection/InspectionSystem.Tests/Core/OnnxInferenceEngineTests.cs:line 111
   at NUnit.Framework.Internal.TaskAwaitAdapter.GenericAdapter`1.GetResult()
   at NUnit.Framework.Internal.AsyncToSyncAdapter.Await[TResult](TestExecutionContext context, Func`1 invoke)
   at NUnit.Framework.Internal.AsyncToSyncAdapter.Await(TestExecutionContext context, Func`1 invoke)
   at NUnit.Framework.Assert.ThrowsAsync(IResolveConstraint expression, AsyncTestDelegate code, String message, Object[] args)&gt;
</Message>
          <StackTrace>   at InspectionSystem.Tests.Core.OnnxInferenceEngineTests.RunInferenceAsync_NegativeWidth_ThrowsArgumentOutOfRangeException() in /Users/geseuteu/vision-inspection-portfolio/02_inspection/InspectionSystem.Tests/Core/OnnxInferenceEngineTests.cs:line 110

1)    at InspectionSystem.Tests.Core.OnnxInferenceEngineTests.RunInferenceAsync_NegativeWidth_ThrowsArgumentOutOfRangeException() in /Users/geseuteu/vision-inspection-portfolio/02_inspection/InspectionSystem.Tests/Core/OnnxInferenceEngineTests.cs:line 110

</StackTrace>
        </ErrorInfo>
      </Output>
    </UnitTestResult>
    <UnitTestResult executionId="116ae4ec-602a-4555-a535-1d55981fee99" testId="73c6c95c-19e8-55ff-4480-d94facf3d43a" testName="SaveAsync_NullSavePath_ThrowsArgumentNullException" computerName="FilmBium-MacBook-Pro" duration="00:00:00.0008180" startTime="2026-03-14T14:30:05.8971980+09:00" endTime="2026-03-14T14:30:05.8980160+09:00" testType="13cdc9d9-ddb5-4fa4-a97d-d965ccfc6d4b" outcome="Passed" testListId="8c84fa94-04c1-424b-9868-57a2d4851a1d" relativeResultsDirectory="116ae4ec-602a-4555-a535-1d55981fee99" />
    <UnitTestResult executionId="cb6e4c34-81ec-4fdc-8167-dd04392ce713" testId="11c9b67a-8888-e46f-05d8-3e1fcd404e2f" testName="ResetDefaultsCommand_UpdatesStatusMessage" computerName="FilmBium-MacBook-Pro" duration="00:00:00.0003800" startTime="2026-03-14T14:30:06.4002570+09:00" endTime="2026-03-14T14:30:06.4006370+09:00" testType="13cdc9d9-ddb5-4fa4-a97d-d965ccfc6d4b" outcome="Passed" testListId="8c84fa94-04c1-424b-9868-57a2d4851a1d" relativeResultsDirectory="cb6e4c34-81ec-4fdc-8167-dd04392ce713" />
    <UnitTestResult executionId="c33b15c0-426f-4bba-8742-799aa6f78d61" testId="af8d33eb-63e6-516b-d6c8-eecbe99788d2" testName="RunInferenceAsync_ZeroHeight_ThrowsArgumentOutOfRangeException" computerName="FilmBium-MacBook-Pro" duration="00:00:00.0013450" startTime="2026-03-14T14:30:05.9395310+09:00" endTime="2026-03-14T14:30:05.9408750+09:00" testType="13cdc9d9-ddb5-4fa4-a97d-d965ccfc6d4b" outcome="Failed" testListId="8c84fa94-04c1-424b-9868-57a2d4851a1d" relativeResultsDirectory="c33b15c0-426f-4bba-8742-799aa6f78d61">
      <Output>
        <ErrorInfo>
          <Message>  Assert.That(caughtException, expression)
  Expected: &lt;System.ArgumentOutOfRangeException&gt;
  But was:  &lt;System.InvalidOperationException: Model is not loaded. Call LoadModelAsync first.
   at InspectionSystem.Core.Services.OnnxInferenceEngine.RunInferenceAsync(Byte[] imageData, Int32 width, Int32 height, InferenceOptions options, CancellationToken cancellationToken) in /Users/geseuteu/vision-inspection-portfolio/02_inspection/InspectionSystem.Core/Services/OnnxInferenceEngine.cs:line 55
   at InspectionSystem.Tests.Core.OnnxInferenceEngineTests.&lt;RunInferenceAsync_ZeroHeight_ThrowsArgumentOutOfRangeException&gt;b__12_0() in /Users/geseuteu/vision-inspection-portfolio/02_inspection/InspectionSystem.Tests/Core/OnnxInferenceEngineTests.cs:line 102
   at NUnit.Framework.Internal.TaskAwaitAdapter.GenericAdapter`1.GetResult()
   at NUnit.Framework.Internal.AsyncToSyncAdapter.Await[TResult](TestExecutionContext context, Func`1 invoke)
   at NUnit.Framework.Internal.AsyncToSyncAdapter.Await(TestExecutionContext context, Func`1 invoke)
   at NUnit.Framework.Assert.ThrowsAsync(IResolveConstraint expression, AsyncTestDelegate code, String message, Object[] args)&gt;
</Message>
          <StackTrace>   at InspectionSystem.Tests.Core.OnnxInferenceEngineTests.RunInferenceAsync_ZeroHeight_ThrowsArgumentOutOfRangeException() in /Users/geseuteu/vision-inspection-portfolio/02_inspection/InspectionSystem.Tests/Core/OnnxInferenceEngineTests.cs:line 101

1)    at InspectionSystem.Tests.Core.OnnxInferenceEngineTests.RunInferenceAsync_ZeroHeight_ThrowsArgumentOutOfRangeException() in /Users/geseuteu/vision-inspection-portfolio/02_inspection/InspectionSystem.Tests/Core/OnnxInferenceEngineTests.cs:line 101

</StackTrace>
        </ErrorInfo>
      </Output>
    </UnitTestResult>
    <UnitTestResult executionId="6e1b2a26-0dc5-4bb5-a40f-07b82947f197" testId="861bccbc-fe62-afac-221a-70a02daa7c06" testName="Preprocess_ValidInput_ReturnsTensorWithCorrectLength" computerName="FilmBium-MacBook-Pro" duration="00:00:00.0070350" startTime="2026-03-14T14:30:05.0261360+09:00" endTime="2026-03-14T14:30:05.0331710+09:00" testType="13cdc9d9-ddb5-4fa4-a97d-d965ccfc6d4b" outcome="Passed" testListId="8c84fa94-04c1-424b-9868-57a2d4851a1d" relativeResultsDirectory="6e1b2a26-0dc5-4bb5-a40f-07b82947f197" />
    <UnitTestResult executionId="5640edd2-cd6d-48b9-8053-392781e82a12" testId="ac8a6251-50ea-66f3-eae1-0343eb73b539" testName="Preprocess_ValidInput_TensorValuesNormalized" computerName="FilmBium-MacBook-Pro" duration="00:00:00.8270960" startTime="2026-03-14T14:30:05.0331880+09:00" endTime="2026-03-14T14:30:05.8602760+09:00" testType="13cdc9d9-ddb5-4fa4-a97d-d965ccfc6d4b" outcome="Passed" testListId="8c84fa94-04c1-424b-9868-57a2d4851a1d" relativeResultsDirectory="5640edd2-cd6d-48b9-8053-392781e82a12" />
    <UnitTestResult executionId="7c3b2710-9c84-44f9-b49e-3b85e31fef78" testId="3d9da90a-07ee-5548-0c1f-fc2964f72141" testName="Preprocess_NullImageData_ThrowsArgumentNullException" computerName="FilmBium-MacBook-Pro" duration="00:00:00.0001760" startTime="2026-03-14T14:30:04.9859430+09:00" endTime="2026-03-14T14:30:04.9861180+09:00" testType="13cdc9d9-ddb5-4fa4-a97d-d965ccfc6d4b" outcome="Passed" testListId="8c84fa94-04c1-424b-9868-57a2d4851a1d" relativeResultsDirectory="7c3b2710-9c84-44f9-b49e-3b85e31fef78" />
    <UnitTestResult executionId="7d7ad8e7-3450-4893-a4c3-3b47bb755e0b" testId="63c96797-d6ca-0328-2eec-bfe7c0de5a38" testName="LoadModelAsync_CalledTwice_SecondCallSucceeds" computerName="FilmBium-MacBook-Pro" duration="00:00:00.0107620" startTime="2026-03-14T14:30:05.9013330+09:00" endTime="2026-03-14T14:30:05.9120950+09:00" testType="13cdc9d9-ddb5-4fa4-a97d-d965ccfc6d4b" outcome="Failed" testListId="8c84fa94-04c1-424b-9868-57a2d4851a1d" relativeResultsDirectory="7d7ad8e7-3450-4893-a4c3-3b47bb755e0b">
      <Output>
        <ErrorInfo>
          <Message>System.IO.FileNotFoundException : Model not found: nonexistent1.onnx</Message>
          <StackTrace>   at InspectionSystem.Core.Services.OnnxInferenceEngine.LoadModelAsync(String modelPath, CancellationToken cancellationToken) in /Users/geseuteu/vision-inspection-portfolio/02_inspection/InspectionSystem.Core/Services/OnnxInferenceEngine.cs:line 36
   at InspectionSystem.Tests.Core.OnnxInferenceEngineTests.LoadModelAsync_CalledTwice_SecondCallSucceeds() in /Users/geseuteu/vision-inspection-portfolio/02_inspection/InspectionSystem.Tests/Core/OnnxInferenceEngineTests.cs:line 133
   at NUnit.Framework.Internal.TaskAwaitAdapter.GenericAdapter`1.GetResult()
   at NUnit.Framework.Internal.AsyncToSyncAdapter.Await[TResult](TestExecutionContext context, Func`1 invoke)
   at NUnit.Framework.Internal.AsyncToSyncAdapter.Await(TestExecutionContext context, Func`1 invoke)
   at NUnit.Framework.Internal.Commands.TestMethodCommand.RunTestMethod(TestExecutionContext context)
   at NUnit.Framework.Internal.Commands.TestMethodCommand.Execute(TestExecutionContext context)
   at NUnit.Framework.Internal.Commands.BeforeAndAfterTestCommand.&lt;&gt;c__DisplayClass1_0.&lt;Execute&gt;b__0()
   at NUnit.Framework.Internal.Commands.DelegatingTestCommand.RunTestMethodInThreadAbortSafeZone(TestExecutionContext context, Action action)
1)    at InspectionSystem.Core.Services.OnnxInferenceEngine.LoadModelAsync(String modelPath, CancellationToken cancellationToken) in /Users/geseuteu/vision-inspection-portfolio/02_inspection/InspectionSystem.Core/Services/OnnxInferenceEngine.cs:line 36
   at InspectionSystem.Tests.Core.OnnxInferenceEngineTests.LoadModelAsync_CalledTwice_SecondCallSucceeds() in /Users/geseuteu/vision-inspection-portfolio/02_inspection/InspectionSystem.Tests/Core/OnnxInferenceEngineTests.cs:line 133
   at NUnit.Framework.Internal.TaskAwaitAdapter.GenericAdapter`1.GetResult()
   at NUnit.Framework.Internal.AsyncToSyncAdapter.Await[TResult](TestExecutionContext context, Func`1 invoke)
   at NUnit.Framework.Internal.AsyncToSyncAdapter.Await(TestExecutionContext context, Func`1 invoke)
   at NUnit.Framework.Internal.Commands.TestMethodCommand.RunTestMethod(TestExecutionContext context)
   at NUnit.Framework.Internal.Commands.TestMethodCommand.Execute(TestExecutionContext context)
   at NUnit.Framework.Internal.Commands.BeforeAndAfterTestCommand.&lt;&gt;c__DisplayClass1_0.&lt;Execute&gt;b__0()
   at NUnit.Framework.Internal.Commands.DelegatingTestCommand.RunTestMethodInThreadAbortSafeZone(TestExecutionContext context, Action action)
</StackTrace>
        </ErrorInfo>
      </Output>
    </UnitTestResult>
    <UnitTestResult executionId="6af5a04f-0374-4f5c-b481-896bfb354679" testId="232a167e-fb91-fcca-455e-25ade970f202" testName="Resolve_ISettingsService_IsSingleton" computerName="FilmBium-MacBook-Pro" duration="00:00:00.0008250" startTime="2026-03-14T14:30:06.2974820+09:00" endTime="2026-03-14T14:30:06.2983070+09:00" testType="13cdc9d9-ddb5-4fa4-a97d-d965ccfc6d4b" outcome="Passed" testListId="8c84fa94-04c1-424b-9868-57a2d4851a1d" relativeResultsDirectory="6af5a04f-0374-4f5c-b481-896bfb354679">
      <Output>
        <StdOut>info: InspectionSystem.Core.Services.SettingsService[0]
      Settings file not found. Using defaults: test_settings.json</StdOut>
      </Output>
    </UnitTestResult>
    <UnitTestResult executionId="31b55ca7-e1bd-4956-8cc8-d0b0f11e036c" testId="33c35348-7f9a-7d92-fea1-43a9d80ba9d5" testName="Log_ValidRecord_AddsToHistory" computerName="FilmBium-MacBook-Pro" duration="00:00:00.0002140" startTime="2026-03-14T14:30:05.9619490+09:00" endTime="2026-03-14T14:30:05.9621630+09:00" testType="13cdc9d9-ddb5-4fa4-a97d-d965ccfc6d4b" outcome="Passed" testListId="8c84fa94-04c1-424b-9868-57a2d4851a1d" relativeResultsDirectory="31b55ca7-e1bd-4956-8cc8-d0b0f11e036c" />
    <UnitTestResult executionId="6ec1de60-5a15-4740-a277-a74679d0e466" testId="c2a95348-414b-7053-cc04-74c2a9708f52" testName="Constructor_InitialState_IouThresholdFromSettings" computerName="FilmBium-MacBook-Pro" duration="00:00:00.0002540" startTime="2026-03-14T14:30:06.3678210+09:00" endTime="2026-03-14T14:30:06.3680750+09:00" testType="13cdc9d9-ddb5-4fa4-a97d-d965ccfc6d4b" outcome="Passed" testListId="8c84fa94-04c1-424b-9868-57a2d4851a1d" relativeResultsDirectory="6ec1de60-5a15-4740-a277-a74679d0e466" />
    <UnitTestResult executionId="627fd3a1-f1bc-419c-8d5a-295f636a9d1e" testId="3caadda6-367c-b6c5-3088-c247892ed7e1" testName="RunInferenceAsync_NullImageData_ThrowsArgumentNullException" computerName="FilmBium-MacBook-Pro" duration="00:00:00.0012020" startTime="2026-03-14T14:30:05.9382950+09:00" endTime="2026-03-14T14:30:05.9394960+09:00" testType="13cdc9d9-ddb5-4fa4-a97d-d965ccfc6d4b" outcome="Failed" testListId="8c84fa94-04c1-424b-9868-57a2d4851a1d" relativeResultsDirectory="627fd3a1-f1bc-419c-8d5a-295f636a9d1e">
      <Output>
        <ErrorInfo>
          <Message>  Assert.That(caughtException, expression)
  Expected: &lt;System.ArgumentNullException&gt;
  But was:  &lt;System.InvalidOperationException: Model is not loaded. Call LoadModelAsync first.
   at InspectionSystem.Core.Services.OnnxInferenceEngine.RunInferenceAsync(Byte[] imageData, Int32 width, Int32 height, InferenceOptions options, CancellationToken cancellationToken) in /Users/geseuteu/vision-inspection-portfolio/02_inspection/InspectionSystem.Core/Services/OnnxInferenceEngine.cs:line 55
   at InspectionSystem.Tests.Core.OnnxInferenceEngineTests.&lt;RunInferenceAsync_NullImageData_ThrowsArgumentNullException&gt;b__9_0() in /Users/geseuteu/vision-inspection-portfolio/02_inspection/InspectionSystem.Tests/Core/OnnxInferenceEngineTests.cs:line 75
   at NUnit.Framework.Internal.TaskAwaitAdapter.GenericAdapter`1.GetResult()
   at NUnit.Framework.Internal.AsyncToSyncAdapter.Await[TResult](TestExecutionContext context, Func`1 invoke)
   at NUnit.Framework.Internal.AsyncToSyncAdapter.Await(TestExecutionContext context, Func`1 invoke)
   at NUnit.Framework.Assert.ThrowsAsync(IResolveConstraint expression, AsyncTestDelegate code, String message, Object[] args)&gt;
</Message>
          <StackTrace>   at InspectionSystem.Tests.Core.OnnxInferenceEngineTests.RunInferenceAsync_NullImageData_ThrowsArgumentNullException() in /Users/geseuteu/vision-inspection-portfolio/02_inspection/InspectionSystem.Tests/Core/OnnxInferenceEngineTests.cs:line 74

1)    at InspectionSystem.Tests.Core.OnnxInferenceEngineTests.RunInferenceAsync_NullImageData_ThrowsArgumentNullException() in /Users/geseuteu/vision-inspection-portfolio/02_inspection/InspectionSystem.Tests/Core/OnnxInferenceEngineTests.cs:line 74

</StackTrace>
        </ErrorInfo>
      </Output>
    </UnitTestResult>
    <UnitTestResult executionId="a2ef763b-4b11-43cc-b2a6-aabdb474fa2f" testId="88f4c1f9-a90b-d8b8-7f32-d02aac4588b5" testName="IsAvailable_InitialState_ReturnsFalse" computerName="FilmBium-MacBook-Pro" duration="00:00:00.0001499" startTime="2026-03-14T14:30:04.9349170+09:00" endTime="2026-03-14T14:30:04.9350670+09:00" testType="13cdc9d9-ddb5-4fa4-a97d-d965ccfc6d4b" outcome="Passed" testListId="8c84fa94-04c1-424b-9868-57a2d4851a1d" relativeResultsDirectory="a2ef763b-4b11-43cc-b2a6-aabdb474fa2f" />
    <UnitTestResult executionId="0c122de4-388d-48bf-ab9a-0f14b32bb86e" testId="b0d0d418-f79a-ebcb-a9b1-797d4ad33343" testName="Container_ResolveGradCamViewModel_NotNull" computerName="FilmBium-MacBook-Pro" duration="00:00:00.0050289" startTime="2026-03-14T14:30:06.0689640+09:00" endTime="2026-03-14T14:30:06.0739930+09:00" testType="13cdc9d9-ddb5-4fa4-a97d-d965ccfc6d4b" outcome="Passed" testListId="8c84fa94-04c1-424b-9868-57a2d4851a1d" relativeResultsDirectory="0c122de4-388d-48bf-ab9a-0f14b32bb86e">
      <Output>
        <StdOut>info: InspectionSystem.Core.Services.SettingsService[0]
      Settings file not found. Using defaults: test_settings.json</StdOut>
      </Output>
    </UnitTestResult>
    <UnitTestResult executionId="1bfefdeb-20f4-4727-bdaa-2603c49fbff0" testId="2f33f113-b3c4-223a-2bb7-e3db95a197ce" testName="Log_MultipleRecords_AllAddedToHistory" computerName="FilmBium-MacBook-Pro" duration="00:00:00.0002040" startTime="2026-03-14T14:30:05.9614890+09:00" endTime="2026-03-14T14:30:05.9616930+09:00" testType="13cdc9d9-ddb5-4fa4-a97d-d965ccfc6d4b" outcome="Passed" testListId="8c84fa94-04c1-424b-9868-57a2d4851a1d" relativeResultsDirectory="1bfefdeb-20f4-4727-bdaa-2603c49fbff0" />
    <UnitTestResult executionId="24a41e35-b2a6-4d14-b69e-795605a41726" testId="1b060aa7-fd77-8a53-6b3d-f2ec5eb961da" testName="Constructor_NullLogger_ThrowsArgumentNullException" computerName="FilmBium-MacBook-Pro" duration="00:00:00.0007840" startTime="2026-03-14T14:30:05.9623240+09:00" endTime="2026-03-14T14:30:05.9631080+09:00" testType="13cdc9d9-ddb5-4fa4-a97d-d965ccfc6d4b" outcome="Passed" testListId="8c84fa94-04c1-424b-9868-57a2d4851a1d" relativeResultsDirectory="24a41e35-b2a6-4d14-b69e-795605a41726" />
    <UnitTestResult executionId="6f51edfe-d283-4cf3-8195-5eaf08cef51a" testId="9ce7efc9-68d1-3a87-6910-a0dfffea5fe4" testName="RunInferenceAsync_ZeroWidth_ThrowsArgumentOutOfRangeException" computerName="FilmBium-MacBook-Pro" duration="00:00:00.0011240" startTime="2026-03-14T14:30:05.9408960+09:00" endTime="2026-03-14T14:30:05.9420190+09:00" testType="13cdc9d9-ddb5-4fa4-a97d-d965ccfc6d4b" outcome="Failed" testListId="8c84fa94-04c1-424b-9868-57a2d4851a1d" relativeResultsDirectory="6f51edfe-d283-4cf3-8195-5eaf08cef51a">
      <Output>
        <ErrorInfo>
          <Message>  Assert.That(caughtException, expression)
  Expected: &lt;System.ArgumentOutOfRangeException&gt;
  But was:  &lt;System.InvalidOperationException: Model is not loaded. Call LoadModelAsync first.
   at InspectionSystem.Core.Services.OnnxInferenceEngine.RunInferenceAsync(Byte[] imageData, Int32 width, Int32 height, InferenceOptions options, CancellationToken cancellationToken) in /Users/geseuteu/vision-inspection-portfolio/02_inspection/InspectionSystem.Core/Services/OnnxInferenceEngine.cs:line 55
   at InspectionSystem.Tests.Core.OnnxInferenceEngineTests.&lt;RunInferenceAsync_ZeroWidth_ThrowsArgumentOutOfRangeException&gt;b__11_0() in /Users/geseuteu/vision-inspection-portfolio/02_inspection/InspectionSystem.Tests/Core/OnnxInferenceEngineTests.cs:line 93
   at NUnit.Framework.Internal.TaskAwaitAdapter.GenericAdapter`1.GetResult()
   at NUnit.Framework.Internal.AsyncToSyncAdapter.Await[TResult](TestExecutionContext context, Func`1 invoke)
   at NUnit.Framework.Internal.AsyncToSyncAdapter.Await(TestExecutionContext context, Func`1 invoke)
   at NUnit.Framework.Assert.ThrowsAsync(IResolveConstraint expression, AsyncTestDelegate code, String message, Object[] args)&gt;
</Message>
          <StackTrace>   at InspectionSystem.Tests.Core.OnnxInferenceEngineTests.RunInferenceAsync_ZeroWidth_ThrowsArgumentOutOfRangeException() in /Users/geseuteu/vision-inspection-portfolio/02_inspection/InspectionSystem.Tests/Core/OnnxInferenceEngineTests.cs:line 92

1)    at InspectionSystem.Tests.Core.OnnxInferenceEngineTests.RunInferenceAsync_ZeroWidth_ThrowsArgumentOutOfRangeException() in /Users/geseuteu/vision-inspection-portfolio/02_inspection/InspectionSystem.Tests/Core/OnnxInferenceEngineTests.cs:line 92

</StackTrace>
        </ErrorInfo>
      </Output>
    </UnitTestResult>
    <UnitTestResult executionId="2cd81baa-020a-4dc1-b7e2-a77fbaad6b9d" testId="527defe1-fc8e-5830-d1db-918518b904c4" testName="SaveAsync_OkResult_DoesNotSaveFile" computerName="FilmBium-MacBook-Pro" duration="00:00:00.0007800" startTime="2026-03-14T14:30:05.8980900+09:00" endTime="2026-03-14T14:30:05.8988710+09:00" testType="13cdc9d9-ddb5-4fa4-a97d-d965ccfc6d4b" outcome="Passed" testListId="8c84fa94-04c1-424b-9868-57a2d4851a1d" relativeResultsDirectory="2cd81baa-020a-4dc1-b7e2-a77fbaad6b9d" />
    <UnitTestResult executionId="e4150804-445a-41dd-9635-76ec140c4126" testId="495e2a29-34ef-1df4-ce07-081f25d62046" testName="Container_ResolveSettingsViewModel_NotNull" computerName="FilmBium-MacBook-Pro" duration="00:00:00.0011880" startTime="2026-03-14T14:30:06.2903960+09:00" endTime="2026-03-14T14:30:06.2915840+09:00" testType="13cdc9d9-ddb5-4fa4-a97d-d965ccfc6d4b" outcome="Passed" testListId="8c84fa94-04c1-424b-9868-57a2d4851a1d" relativeResultsDirectory="e4150804-445a-41dd-9635-76ec140c4126">
      <Output>
        <StdOut>info: InspectionSystem.Core.Services.SettingsService[0]
      Settings file not found. Using defaults: test_settings.json</StdOut>
      </Output>
    </UnitTestResult>
    <UnitTestResult executionId="ca0860d9-d8c4-41f1-8883-246f2e1a6457" testId="002d5b40-0863-510a-d3cd-6c64747ce256" testName="DrawDetections_NullImageData_ThrowsArgumentNullException" computerName="FilmBium-MacBook-Pro" duration="00:00:00.0002850" startTime="2026-03-14T14:30:04.9848920+09:00" endTime="2026-03-14T14:30:04.9851770+09:00" testType="13cdc9d9-ddb5-4fa4-a97d-d965ccfc6d4b" outcome="Passed" testListId="8c84fa94-04c1-424b-9868-57a2d4851a1d" relativeResultsDirectory="ca0860d9-d8c4-41f1-8883-246f2e1a6457" />
    <UnitTestResult executionId="16709424-db94-4c42-81bc-9dca78313ede" testId="016e3057-1765-f44c-e852-d6578df75a11" testName="Preprocess_ValidImage_TensorValuesNormalized" computerName="FilmBium-MacBook-Pro" duration="00:00:00.0185370" startTime="2026-03-14T14:30:05.0075800+09:00" endTime="2026-03-14T14:30:05.0261160+09:00" testType="13cdc9d9-ddb5-4fa4-a97d-d965ccfc6d4b" outcome="Passed" testListId="8c84fa94-04c1-424b-9868-57a2d4851a1d" relativeResultsDirectory="16709424-db94-4c42-81bc-9dca78313ede" />
    <UnitTestResult executionId="27b33add-3632-4223-bf19-7ad7732ea6eb" testId="6c5338cc-2763-19a2-7d95-471c2892373b" testName="Resolve_IInferenceEngine_ReturnsInstance" computerName="FilmBium-MacBook-Pro" duration="00:00:00.0011230" startTime="2026-03-14T14:30:06.2944260+09:00" endTime="2026-03-14T14:30:06.2955490+09:00" testType="13cdc9d9-ddb5-4fa4-a97d-d965ccfc6d4b" outcome="Passed" testListId="8c84fa94-04c1-424b-9868-57a2d4851a1d" relativeResultsDirectory="27b33add-3632-4223-bf19-7ad7732ea6eb" />
    <UnitTestResult executionId="d054cc16-0ffe-413c-8155-1a595a0df158" testId="243036b1-cbda-86f8-aaeb-08987aff4df7" testName="GetStats_EmptyHistory_ReturnsZeroStats" computerName="FilmBium-MacBook-Pro" duration="00:00:00.0019589" startTime="2026-03-14T14:30:05.9566160+09:00" endTime="2026-03-14T14:30:05.9585750+09:00" testType="13cdc9d9-ddb5-4fa4-a97d-d965ccfc6d4b" outcome="Passed" testListId="8c84fa94-04c1-424b-9868-57a2d4851a1d" relativeResultsDirectory="d054cc16-0ffe-413c-8155-1a595a0df158" />
    <UnitTestResult executionId="1f5a3b63-d012-45f9-8d5a-4d9aade95824" testId="b3033a0e-8850-3e49-b307-4609bd40a7af" testName="Preprocess_EmptyImageData_ThrowsArgumentNullException" computerName="FilmBium-MacBook-Pro" duration="00:00:00.0007470" startTime="2026-03-14T14:30:04.9851860+09:00" endTime="2026-03-14T14:30:04.9859330+09:00" testType="13cdc9d9-ddb5-4fa4-a97d-d965ccfc6d4b" outcome="Passed" testListId="8c84fa94-04c1-424b-9868-57a2d4851a1d" relativeResultsDirectory="1f5a3b63-d012-45f9-8d5a-4d9aade95824" />
    <UnitTestResult executionId="b5c50458-1bc3-425e-9e39-787fdcd03d62" testId="eff8eefa-757a-d09c-37ec-9751439d9d40" testName="Save_ValidSettings_CreatesFile" computerName="FilmBium-MacBook-Pro" duration="00:00:00.0006410" startTime="2026-03-14T14:30:05.9975040+09:00" endTime="2026-03-14T14:30:05.9981450+09:00" testType="13cdc9d9-ddb5-4fa4-a97d-d965ccfc6d4b" outcome="Passed" testListId="8c84fa94-04c1-424b-9868-57a2d4851a1d" relativeResultsDirectory="b5c50458-1bc3-425e-9e39-787fdcd03d62" />
    <UnitTestResult executionId="1e11467c-5058-47df-967e-32163b1039c3" testId="d98ac365-12b2-365e-9e87-43805f7f9788" testName="ExportToCsvAsync_NullPath_ThrowsArgumentNullException" computerName="FilmBium-MacBook-Pro" duration="00:00:00.0005880" startTime="2026-03-14T14:30:05.9498470+09:00" endTime="2026-03-14T14:30:05.9504350+09:00" testType="13cdc9d9-ddb5-4fa4-a97d-d965ccfc6d4b" outcome="Passed" testListId="8c84fa94-04c1-424b-9868-57a2d4851a1d" relativeResultsDirectory="1e11467c-5058-47df-967e-32163b1039c3" />
    <UnitTestResult executionId="9e07ae55-b9ab-4f30-83bb-aa7a501c3c78" testId="19e2ac1a-ddae-0209-7891-59c69485f9ac" testName="Constructor_InitialState_ResultLabelIsNoResult" computerName="FilmBium-MacBook-Pro" duration="00:00:00.0002450" startTime="2026-03-14T14:30:06.3687360+09:00" endTime="2026-03-14T14:30:06.3689810+09:00" testType="13cdc9d9-ddb5-4fa4-a97d-d965ccfc6d4b" outcome="Passed" testListId="8c84fa94-04c1-424b-9868-57a2d4851a1d" relativeResultsDirectory="9e07ae55-b9ab-4f30-83bb-aa7a501c3c78" />
    <UnitTestResult executionId="1b73f39f-1274-47ed-a7f5-8bcc83cb4f2a" testId="4a8fc462-5620-8b94-9322-417c7afbc716" testName="DrawDetections_NullDetectionResult_ThrowsArgumentNullException" computerName="FilmBium-MacBook-Pro" duration="00:00:00.0011280" startTime="2026-03-14T14:30:04.9837550+09:00" endTime="2026-03-14T14:30:04.9848830+09:00" testType="13cdc9d9-ddb5-4fa4-a97d-d965ccfc6d4b" outcome="Passed" testListId="8c84fa94-04c1-424b-9868-57a2d4851a1d" relativeResultsDirectory="1b73f39f-1274-47ed-a7f5-8bcc83cb4f2a" />
    <UnitTestResult executionId="034c4f9d-4108-45a0-8abd-e48c9a953acd" testId="a4146716-970e-301c-e54b-0c57fbcd0478" testName="AutoSaveNg_SetValue_PropertyChangedRaised" computerName="FilmBium-MacBook-Pro" duration="00:00:00.0622830" startTime="2026-03-14T14:30:06.3011280+09:00" endTime="2026-03-14T14:30:06.3634100+09:00" testType="13cdc9d9-ddb5-4fa4-a97d-d965ccfc6d4b" outcome="Passed" testListId="8c84fa94-04c1-424b-9868-57a2d4851a1d" relativeResultsDirectory="034c4f9d-4108-45a0-8abd-e48c9a953acd" />
    <UnitTestResult executionId="8a73de96-0d42-4d7b-b266-6235a20f779d" testId="585e149d-fc4a-4939-e811-616a06a1064b" testName="Constructor_InitialState_IsInspectingFalse" computerName="FilmBium-MacBook-Pro" duration="00:00:00.0002430" startTime="2026-03-14T14:30:06.3681350+09:00" endTime="2026-03-14T14:30:06.3683780+09:00" testType="13cdc9d9-ddb5-4fa4-a97d-d965ccfc6d4b" outcome="Passed" testListId="8c84fa94-04c1-424b-9868-57a2d4851a1d" relativeResultsDirectory="8a73de96-0d42-4d7b-b266-6235a20f779d" />
    <UnitTestResult executionId="36cb2a97-9e09-4da9-9fe7-8889a405b71d" testId="2c5bdb52-4657-64f2-7e73-66adfbfb4583" testName="ExportToCsvAsync_ValidPath_CreatesFile" computerName="FilmBium-MacBook-Pro" duration="00:00:00.0031900" startTime="2026-03-14T14:30:05.9505000+09:00" endTime="2026-03-14T14:30:05.9536900+09:00" testType="13cdc9d9-ddb5-4fa4-a97d-d965ccfc6d4b" outcome="Passed" testListId="8c84fa94-04c1-424b-9868-57a2d4851a1d" relativeResultsDirectory="36cb2a97-9e09-4da9-9fe7-8889a405b71d" />
    <UnitTestResult executionId="66b91996-8fd8-4758-bc34-7891b477fc16" testId="88fdbb18-4ee6-8c91-63d7-b5114e9feda7" testName="Resolve_ISessionLogger_ReturnsInstance" computerName="FilmBium-MacBook-Pro" duration="00:00:00.0007400" startTime="2026-03-14T14:30:06.2966710+09:00" endTime="2026-03-14T14:30:06.2974110+09:00" testType="13cdc9d9-ddb5-4fa4-a97d-d965ccfc6d4b" outcome="Passed" testListId="8c84fa94-04c1-424b-9868-57a2d4851a1d" relativeResultsDirectory="66b91996-8fd8-4758-bc34-7891b477fc16" />
    <UnitTestResult executionId="c43071f7-06fd-4202-97b4-60d6d51fbc87" testId="d5affb9e-4e33-9e09-c59e-579fb62a7d8e" testName="EnableGradCam_DefaultValue_IsTrue" computerName="FilmBium-MacBook-Pro" duration="00:00:00.0003690" startTime="2026-03-14T14:30:06.3989560+09:00" endTime="2026-03-14T14:30:06.3993250+09:00" testType="13cdc9d9-ddb5-4fa4-a97d-d965ccfc6d4b" outcome="Passed" testListId="8c84fa94-04c1-424b-9868-57a2d4851a1d" relativeResultsDirectory="c43071f7-06fd-4202-97b4-60d6d51fbc87" />
    <UnitTestResult executionId="487dac71-93d4-46c0-8ec8-8862eb6c1f4b" testId="ec625002-2b17-dc65-a8d5-cb36d0f6beee" testName="Clear_AfterLogging_EmptiesHistory" computerName="FilmBium-MacBook-Pro" duration="00:00:00.0018610" startTime="2026-03-14T14:30:05.9422320+09:00" endTime="2026-03-14T14:30:05.9440930+09:00" testType="13cdc9d9-ddb5-4fa4-a97d-d965ccfc6d4b" outcome="Passed" testListId="8c84fa94-04c1-424b-9868-57a2d4851a1d" relativeResultsDirectory="487dac71-93d4-46c0-8ec8-8862eb6c1f4b" />
    <UnitTestResult executionId="05e2f661-f3ea-4f08-af0d-1ac4dcc83b17" testId="2e13f878-3221-6fc6-a35a-f5fb31b71805" testName="ConfidenceThreshold_SetValue_PropertyChangedRaised" computerName="FilmBium-MacBook-Pro" duration="00:00:00.0004320" startTime="2026-03-14T14:30:06.3659950+09:00" endTime="2026-03-14T14:30:06.3664270+09:00" testType="13cdc9d9-ddb5-4fa4-a97d-d965ccfc6d4b" outcome="Passed" testListId="8c84fa94-04c1-424b-9868-57a2d4851a1d" relativeResultsDirectory="05e2f661-f3ea-4f08-af0d-1ac4dcc83b17" />
    <UnitTestResult executionId="82e10f67-7f73-4363-9047-94fa7f5c44fc" testId="3becd8b0-4ed7-15f1-6693-7bf6ce2cf203" testName="Preprocess_ZeroHeight_ThrowsArgumentOutOfRangeException" computerName="FilmBium-MacBook-Pro" duration="00:00:00.0005670" startTime="2026-03-14T14:30:05.8603980+09:00" endTime="2026-03-14T14:30:05.8609650+09:00" testType="13cdc9d9-ddb5-4fa4-a97d-d965ccfc6d4b" outcome="Passed" testListId="8c84fa94-04c1-424b-9868-57a2d4851a1d" relativeResultsDirectory="82e10f67-7f73-4363-9047-94fa7f5c44fc" />
    <UnitTestResult executionId="ef84b1eb-8b92-4ce2-a855-d5ddf85859ae" testId="d2e494eb-32b7-7b0f-1a93-0c4849b5e770" testName="SaveSettingsCommand_SavesCorrectValues" computerName="FilmBium-MacBook-Pro" duration="00:00:00.0036060" startTime="2026-03-14T14:30:06.4084040+09:00" endTime="2026-03-14T14:30:06.4120100+09:00" testType="13cdc9d9-ddb5-4fa4-a97d-d965ccfc6d4b" outcome="Passed" testListId="8c84fa94-04c1-424b-9868-57a2d4851a1d" relativeResultsDirectory="ef84b1eb-8b92-4ce2-a855-d5ddf85859ae" />
    <UnitTestResult executionId="765ae81a-3c39-44bc-8d11-1eb3d0607836" testId="9e734fd1-96a7-d738-4a16-77868b3edc55" testName="RunInspectionCommand_NoImageLoaded_StatusMessageUpdated" computerName="FilmBium-MacBook-Pro" duration="00:00:00.0008350" startTime="2026-03-14T14:30:06.3959670+09:00" endTime="2026-03-14T14:30:06.3968010+09:00" testType="13cdc9d9-ddb5-4fa4-a97d-d965ccfc6d4b" outcome="Passed" testListId="8c84fa94-04c1-424b-9868-57a2d4851a1d" relativeResultsDirectory="765ae81a-3c39-44bc-8d11-1eb3d0607836" />
    <UnitTestResult executionId="6b5b10be-8682-4d4a-86cc-320e743ca431" testId="9673163d-e899-b238-93e4-8f2478f20777" testName="GenerateAsync_EmptyImageData_ThrowsArgumentNullException" computerName="FilmBium-MacBook-Pro" duration="00:00:00.0013330" startTime="2026-03-14T14:30:04.9328310+09:00" endTime="2026-03-14T14:30:04.9341650+09:00" testType="13cdc9d9-ddb5-4fa4-a97d-d965ccfc6d4b" outcome="Passed" testListId="8c84fa94-04c1-424b-9868-57a2d4851a1d" relativeResultsDirectory="6b5b10be-8682-4d4a-86cc-320e743ca431" />
    <UnitTestResult executionId="853320a1-fa2d-4290-a283-7686689446fb" testId="9baac37c-f755-91a6-4ba5-ee7ebbfca14b" testName="ResizeImage_NullImageData_ThrowsArgumentNullException" computerName="FilmBium-MacBook-Pro" duration="00:00:00.0001870" startTime="2026-03-14T14:30:05.8612500+09:00" endTime="2026-03-14T14:30:05.8614370+09:00" testType="13cdc9d9-ddb5-4fa4-a97d-d965ccfc6d4b" outcome="Passed" testListId="8c84fa94-04c1-424b-9868-57a2d4851a1d" relativeResultsDirectory="853320a1-fa2d-4290-a283-7686689446fb" />
    <UnitTestResult executionId="f3a4dd43-f3bf-4f61-a9d2-57631d7ef381" testId="c99c6f05-5422-3ba9-f22c-16630d5c39e7" testName="Save_NullSettings_ThrowsArgumentNullException" computerName="FilmBium-MacBook-Pro" duration="00:00:00.0006250" startTime="2026-03-14T14:30:05.9872030+09:00" endTime="2026-03-14T14:30:05.9878270+09:00" testType="13cdc9d9-ddb5-4fa4-a97d-d965ccfc6d4b" outcome="Passed" testListId="8c84fa94-04c1-424b-9868-57a2d4851a1d" relativeResultsDirectory="f3a4dd43-f3bf-4f61-a9d2-57631d7ef381" />
    <UnitTestResult executionId="63d72a79-a5ad-4c85-a81a-25e39c4a1d2e" testId="f68c45e3-d274-7cba-68f3-0e3ab603f39c" testName="GenerateAsync_NullImageData_ThrowsArgumentNullException" computerName="FilmBium-MacBook-Pro" duration="00:00:00.0006340" startTime="2026-03-14T14:30:04.9342230+09:00" endTime="2026-03-14T14:30:04.9348580+09:00" testType="13cdc9d9-ddb5-4fa4-a97d-d965ccfc6d4b" outcome="Passed" testListId="8c84fa94-04c1-424b-9868-57a2d4851a1d" relativeResultsDirectory="63d72a79-a5ad-4c85-a81a-25e39c4a1d2e" />
    <UnitTestResult executionId="067a0185-0a4a-43e4-b8f9-55fea39da4ad" testId="93606222-ef74-2a19-bf5a-cbffc9b6ad96" testName="Constructor_InitialState_AutoSaveNgFromSettings" computerName="FilmBium-MacBook-Pro" duration="00:00:00.0002900" startTime="2026-03-14T14:30:06.3664850+09:00" endTime="2026-03-14T14:30:06.3667740+09:00" testType="13cdc9d9-ddb5-4fa4-a97d-d965ccfc6d4b" outcome="Passed" testListId="8c84fa94-04c1-424b-9868-57a2d4851a1d" relativeResultsDirectory="067a0185-0a4a-43e4-b8f9-55fea39da4ad" />
    <UnitTestResult executionId="00ec7121-7ced-431c-83e4-037cc1594b5e" testId="cb5301c0-1be7-58b5-a838-050622fbd65d" testName="LoadModelAsync_InvalidPath_IsModelLoadedRemainingFalse" computerName="FilmBium-MacBook-Pro" duration="00:00:00.0008220" startTime="2026-03-14T14:30:05.9122960+09:00" endTime="2026-03-14T14:30:05.9131190+09:00" testType="13cdc9d9-ddb5-4fa4-a97d-d965ccfc6d4b" outcome="Failed" testListId="8c84fa94-04c1-424b-9868-57a2d4851a1d" relativeResultsDirectory="00ec7121-7ced-431c-83e4-037cc1594b5e">
      <Output>
        <ErrorInfo>
          <Message>System.IO.FileNotFoundException : Model not found: nonexistent/best.onnx</Message>
          <StackTrace>   at InspectionSystem.Core.Services.OnnxInferenceEngine.LoadModelAsync(String modelPath, CancellationToken cancellationToken) in /Users/geseuteu/vision-inspection-portfolio/02_inspection/InspectionSystem.Core/Services/OnnxInferenceEngine.cs:line 36
   at InspectionSystem.Tests.Core.OnnxInferenceEngineTests.LoadModelAsync_InvalidPath_IsModelLoadedRemainingFalse() in /Users/geseuteu/vision-inspection-portfolio/02_inspection/InspectionSystem.Tests/Core/OnnxInferenceEngineTests.cs:line 56
   at NUnit.Framework.Internal.TaskAwaitAdapter.GenericAdapter`1.GetResult()
   at NUnit.Framework.Internal.AsyncToSyncAdapter.Await[TResult](TestExecutionContext context, Func`1 invoke)
   at NUnit.Framework.Internal.AsyncToSyncAdapter.Await(TestExecutionContext context, Func`1 invoke)
   at NUnit.Framework.Internal.Commands.TestMethodCommand.RunTestMethod(TestExecutionContext context)
   at NUnit.Framework.Internal.Commands.TestMethodCommand.Execute(TestExecutionContext context)
   at NUnit.Framework.Internal.Commands.BeforeAndAfterTestCommand.&lt;&gt;c__DisplayClass1_0.&lt;Execute&gt;b__0()
   at NUnit.Framework.Internal.Commands.DelegatingTestCommand.RunTestMethodInThreadAbortSafeZone(TestExecutionContext context, Action action)
1)    at InspectionSystem.Core.Services.OnnxInferenceEngine.LoadModelAsync(String modelPath, CancellationToken cancellationToken) in /Users/geseuteu/vision-inspection-portfolio/02_inspection/InspectionSystem.Core/Services/OnnxInferenceEngine.cs:line 36
   at InspectionSystem.Tests.Core.OnnxInferenceEngineTests.LoadModelAsync_InvalidPath_IsModelLoadedRemainingFalse() in /Users/geseuteu/vision-inspection-portfolio/02_inspection/InspectionSystem.Tests/Core/OnnxInferenceEngineTests.cs:line 56
   at NUnit.Framework.Internal.TaskAwaitAdapter.GenericAdapter`1.GetResult()
   at NUnit.Framework.Internal.AsyncToSyncAdapter.Await[TResult](TestExecutionContext context, Func`1 invoke)
   at NUnit.Framework.Internal.AsyncToSyncAdapter.Await(TestExecutionContext context, Func`1 invoke)
   at NUnit.Framework.Internal.Commands.TestMethodCommand.RunTestMethod(TestExecutionContext context)
   at NUnit.Framework.Internal.Commands.TestMethodCommand.Execute(TestExecutionContext context)
   at NUnit.Framework.Internal.Commands.BeforeAndAfterTestCommand.&lt;&gt;c__DisplayClass1_0.&lt;Execute&gt;b__0()
   at NUnit.Framework.Internal.Commands.DelegatingTestCommand.RunTestMethodInThreadAbortSafeZone(TestExecutionContext context, Action action)
</StackTrace>
        </ErrorInfo>
      </Output>
    </UnitTestResult>
    <UnitTestResult executionId="c409bd7a-5aea-4388-9ad3-a7c13df2acf5" testId="7162265c-7f50-4990-9c06-aeb705427f65" testName="SaveAsync_MultipleNgResults_CreatesMultipleFiles" computerName="FilmBium-MacBook-Pro" duration="00:00:00.0169870" startTime="2026-03-14T14:30:05.8653810+09:00" endTime="2026-03-14T14:30:05.8823690+09:00" testType="13cdc9d9-ddb5-4fa4-a97d-d965ccfc6d4b" outcome="Passed" testListId="8c84fa94-04c1-424b-9868-57a2d4851a1d" relativeResultsDirectory="c409bd7a-5aea-4388-9ad3-a7c13df2acf5" />
    <UnitTestResult executionId="7beb3fe6-8cb9-4f77-a6c5-6cede2706d16" testId="1506bb79-0877-5207-54be-0212443ccd07" testName="SaveAsync_NgResult_CreatesFile" computerName="FilmBium-MacBook-Pro" duration="00:00:00.0013250" startTime="2026-03-14T14:30:05.8841150+09:00" endTime="2026-03-14T14:30:05.8854400+09:00" testType="13cdc9d9-ddb5-4fa4-a97d-d965ccfc6d4b" outcome="Passed" testListId="8c84fa94-04c1-424b-9868-57a2d4851a1d" relativeResultsDirectory="7beb3fe6-8cb9-4f77-a6c5-6cede2706d16" />
    <UnitTestResult executionId="4de99473-d870-4be4-b94f-405d6955cdde" testId="efbd26bf-5ead-d39a-1dbd-868b92fd49d7" testName="GenerateAsync_ApiNotAvailable_SetsIsAvailableFalse" computerName="FilmBium-MacBook-Pro" duration="00:00:00.0050260" startTime="2026-03-14T14:30:04.9277740+09:00" endTime="2026-03-14T14:30:04.9328000+09:00" testType="13cdc9d9-ddb5-4fa4-a97d-d965ccfc6d4b" outcome="Passed" testListId="8c84fa94-04c1-424b-9868-57a2d4851a1d" relativeResultsDirectory="4de99473-d870-4be4-b94f-405d6955cdde" />
    <UnitTestResult executionId="c840b5de-e505-437f-9720-9760d0e8c34d" testId="67674203-32d9-832d-603e-dda17d2c4b9b" testName="GetHistory_AfterLog_ReturnsCorrectRecord" computerName="FilmBium-MacBook-Pro" duration="00:00:00.0011060" startTime="2026-03-14T14:30:05.9552710+09:00" endTime="2026-03-14T14:30:05.9563770+09:00" testType="13cdc9d9-ddb5-4fa4-a97d-d965ccfc6d4b" outcome="Passed" testListId="8c84fa94-04c1-424b-9868-57a2d4851a1d" relativeResultsDirectory="c840b5de-e505-437f-9720-9760d0e8c34d" />
    <UnitTestResult executionId="719dc1c8-2648-4c07-8fbf-5b40edb32b2c" testId="b9f9cd5a-1f51-b932-c8bf-a9c9e1d11428" testName="Container_ResolveMainViewModel_AllDependenciesInjected" computerName="FilmBium-MacBook-Pro" duration="00:00:00.2132180" startTime="2026-03-14T14:30:06.0755980+09:00" endTime="2026-03-14T14:30:06.2888140+09:00" testType="13cdc9d9-ddb5-4fa4-a97d-d965ccfc6d4b" outcome="Passed" testListId="8c84fa94-04c1-424b-9868-57a2d4851a1d" relativeResultsDirectory="719dc1c8-2648-4c07-8fbf-5b40edb32b2c">
      <Output>
        <StdOut>info: InspectionSystem.Core.Services.SettingsService[0]
      Settings file not found. Using defaults: test_settings.json</StdOut>
      </Output>
    </UnitTestResult>
    <UnitTestResult executionId="4746c71c-617f-47ea-aa4b-14e06078c5c6" testId="98cef3dc-3f76-10d6-2570-49e6614c6bc7" testName="Constructor_NullLogger_ThrowsArgumentNullException" computerName="FilmBium-MacBook-Pro" duration="00:00:00.0005320" startTime="2026-03-14T14:30:05.9004950+09:00" endTime="2026-03-14T14:30:05.9010260+09:00" testType="13cdc9d9-ddb5-4fa4-a97d-d965ccfc6d4b" outcome="Passed" testListId="8c84fa94-04c1-424b-9868-57a2d4851a1d" relativeResultsDirectory="4746c71c-617f-47ea-aa4b-14e06078c5c6" />
    <UnitTestResult executionId="34cde9d2-c13b-49fd-b89d-9a013ca8e1b9" testId="7946674c-a981-f09b-d9b5-8149af151a4c" testName="Preprocess_ZeroWidth_ThrowsArgumentOutOfRangeException" computerName="FilmBium-MacBook-Pro" duration="00:00:00.0002530" startTime="2026-03-14T14:30:05.8609850+09:00" endTime="2026-03-14T14:30:05.8612380+09:00" testType="13cdc9d9-ddb5-4fa4-a97d-d965ccfc6d4b" outcome="Passed" testListId="8c84fa94-04c1-424b-9868-57a2d4851a1d" relativeResultsDirectory="34cde9d2-c13b-49fd-b89d-9a013ca8e1b9" />
    <UnitTestResult executionId="597f0288-0a9f-4caa-9adf-24b3283af13b" testId="adfbb0bb-a1e6-7cd5-0700-964f8934f0ce" testName="Constructor_InitialState_DetectionsIsEmpty" computerName="FilmBium-MacBook-Pro" duration="00:00:00.0002660" startTime="2026-03-14T14:30:06.3674930+09:00" endTime="2026-03-14T14:30:06.3677600+09:00" testType="13cdc9d9-ddb5-4fa4-a97d-d965ccfc6d4b" outcome="Passed" testListId="8c84fa94-04c1-424b-9868-57a2d4851a1d" relativeResultsDirectory="597f0288-0a9f-4caa-9adf-24b3283af13b" />
    <UnitTestResult executionId="657d4098-c692-4e02-8905-2dc81d010be7" testId="86bfb2d6-7f43-4ff7-51a9-ba230785b7ce" testName="Constructor_InitialState_DetectionCountIsZero" computerName="FilmBium-MacBook-Pro" duration="00:00:00.0002420" startTime="2026-03-14T14:30:06.3671920+09:00" endTime="2026-03-14T14:30:06.3674340+09:00" testType="13cdc9d9-ddb5-4fa4-a97d-d965ccfc6d4b" outcome="Passed" testListId="8c84fa94-04c1-424b-9868-57a2d4851a1d" relativeResultsDirectory="657d4098-c692-4e02-8905-2dc81d010be7" />
    <UnitTestResult executionId="045e43d2-c929-43de-a247-81a56c8de6b7" testId="bae0fa6c-1d84-8b4f-09c0-450a170649e9" testName="Current_AfterInit_ReturnsDefaultSettings" computerName="FilmBium-MacBook-Pro" duration="00:00:00.0019730" startTime="2026-03-14T14:30:05.9631830+09:00" endTime="2026-03-14T14:30:05.9651560+09:00" testType="13cdc9d9-ddb5-4fa4-a97d-d965ccfc6d4b" outcome="Passed" testListId="8c84fa94-04c1-424b-9868-57a2d4851a1d" relativeResultsDirectory="045e43d2-c929-43de-a247-81a56c8de6b7" />
    <UnitTestResult executionId="90c225d2-c464-4522-84e1-8d8369417bf5" testId="74904f4b-443e-edc4-92ed-aeeb4ea9b6db" testName="AutoSaveNg_DefaultValue_IsTrue" computerName="FilmBium-MacBook-Pro" duration="00:00:00.0005800" startTime="2026-03-14T14:30:06.3970310+09:00" endTime="2026-03-14T14:30:06.3976110+09:00" testType="13cdc9d9-ddb5-4fa4-a97d-d965ccfc6d4b" outcome="Passed" testListId="8c84fa94-04c1-424b-9868-57a2d4851a1d" relativeResultsDirectory="90c225d2-c464-4522-84e1-8d8369417bf5" />
    <UnitTestResult executionId="459a7005-fc35-43fd-a17d-222515806531" testId="6a7b135c-af40-594c-7d1e-eea3516a506c" testName="Save_ThenLoad_ReturnsSameSettings" computerName="FilmBium-MacBook-Pro" duration="00:00:00.0087100" startTime="2026-03-14T14:30:05.9878910+09:00" endTime="2026-03-14T14:30:05.9966000+09:00" testType="13cdc9d9-ddb5-4fa4-a97d-d965ccfc6d4b" outcome="Passed" testListId="8c84fa94-04c1-424b-9868-57a2d4851a1d" relativeResultsDirectory="459a7005-fc35-43fd-a17d-222515806531" />
    <UnitTestResult executionId="c304eb3f-1a3b-4d9b-8923-9db6e30da404" testId="0ece4b2b-3744-55de-de57-aa297ad52a65" testName="Constructor_NullImageProcessor_ThrowsArgumentNullException" computerName="FilmBium-MacBook-Pro" duration="00:00:00.0012650" startTime="2026-03-14T14:30:05.8991640+09:00" endTime="2026-03-14T14:30:05.9004290+09:00" testType="13cdc9d9-ddb5-4fa4-a97d-d965ccfc6d4b" outcome="Passed" testListId="8c84fa94-04c1-424b-9868-57a2d4851a1d" relativeResultsDirectory="c304eb3f-1a3b-4d9b-8923-9db6e30da404" />
    <UnitTestResult executionId="d31b663c-b071-4dfc-a07c-f0e472fcc602" testId="86db36f8-0f45-eb07-c1fc-c78ed978692b" testName="Resolve_IInferenceEngine_IsTransient" computerName="FilmBium-MacBook-Pro" duration="00:00:00.0013170" startTime="2026-03-14T14:30:06.2930400+09:00" endTime="2026-03-14T14:30:06.2943570+09:00" testType="13cdc9d9-ddb5-4fa4-a97d-d965ccfc6d4b" outcome="Passed" testListId="8c84fa94-04c1-424b-9868-57a2d4851a1d" relativeResultsDirectory="d31b663c-b071-4dfc-a07c-f0e472fcc602" />
    <UnitTestResult executionId="34c1a996-3ef2-46dd-9a60-4fa937bd4148" testId="2f8bd116-6ec6-6949-08f4-b38712eabb56" testName="ExportToCsvAsync_EmptyHistory_CreatesFileWithHeaderOnly" computerName="FilmBium-MacBook-Pro" duration="00:00:00.0056990" startTime="2026-03-14T14:30:05.9441070+09:00" endTime="2026-03-14T14:30:05.9498060+09:00" testType="13cdc9d9-ddb5-4fa4-a97d-d965ccfc6d4b" outcome="Passed" testListId="8c84fa94-04c1-424b-9868-57a2d4851a1d" relativeResultsDirectory="34c1a996-3ef2-46dd-9a60-4fa937bd4148" />
    <UnitTestResult executionId="46ba4d5a-500b-424a-bb47-5693a8a7184d" testId="5fd63645-756d-9150-d683-63d23c672892" testName="DrawDetections_EmptyDetections_ReturnsImageSameSize" computerName="FilmBium-MacBook-Pro" duration="00:00:00.0421790" startTime="2026-03-14T14:30:04.9378120+09:00" endTime="2026-03-14T14:30:04.9799910+09:00" testType="13cdc9d9-ddb5-4fa4-a97d-d965ccfc6d4b" outcome="Passed" testListId="8c84fa94-04c1-424b-9868-57a2d4851a1d" relativeResultsDirectory="46ba4d5a-500b-424a-bb47-5693a8a7184d" />
    <UnitTestResult executionId="b7d76a63-29e8-4b05-801e-65d684445433" testId="f4c83732-64d7-3870-2766-b230c5c9edf8" testName="Container_ResolveNgImageSaver_NotNull" computerName="FilmBium-MacBook-Pro" duration="00:00:00.0014330" startTime="2026-03-14T14:30:06.2888900+09:00" endTime="2026-03-14T14:30:06.2903220+09:00" testType="13cdc9d9-ddb5-4fa4-a97d-d965ccfc6d4b" outcome="Passed" testListId="8c84fa94-04c1-424b-9868-57a2d4851a1d" relativeResultsDirectory="b7d76a63-29e8-4b05-801e-65d684445433" />
    <UnitTestResult executionId="2ea542f3-8062-4b94-96d6-79c2c5804e5b" testId="28bef89c-e083-6a3d-af3b-10ef8dcbbefc" testName="RunInspectionCommand_CalledTwiceConcurrently_SecondIsRejected" computerName="FilmBium-MacBook-Pro" duration="00:00:00.0220770" startTime="2026-03-14T14:30:06.3731560+09:00" endTime="2026-03-14T14:30:06.3952320+09:00" testType="13cdc9d9-ddb5-4fa4-a97d-d965ccfc6d4b" outcome="Passed" testListId="8c84fa94-04c1-424b-9868-57a2d4851a1d" relativeResultsDirectory="2ea542f3-8062-4b94-96d6-79c2c5804e5b" />
    <UnitTestResult executionId="a39f6c8e-5233-4b33-9a3b-999c362c473d" testId="193bb967-8520-778f-6246-31c21dd11e05" testName="Container_ResolveBenchmarkViewModel_NotNull" computerName="FilmBium-MacBook-Pro" duration="00:00:00.0699560" startTime="2026-03-14T14:30:05.9989440+09:00" endTime="2026-03-14T14:30:06.0688990+09:00" testType="13cdc9d9-ddb5-4fa4-a97d-d965ccfc6d4b" outcome="Passed" testListId="8c84fa94-04c1-424b-9868-57a2d4851a1d" relativeResultsDirectory="a39f6c8e-5233-4b33-9a3b-999c362c473d">
      <Output>
        <StdOut>info: InspectionSystem.Core.Services.SettingsService[0]
      Settings file not found. Using defaults: test_settings.json</StdOut>
      </Output>
    </UnitTestResult>
    <UnitTestResult executionId="bf14e681-277f-4532-b819-da8c745e3ef4" testId="56e4fe05-8a6a-3974-0aa8-5f51a929754e" testName="SaveAsync_NgResult_CreatesDirectory" computerName="FilmBium-MacBook-Pro" duration="00:00:00.0016149" startTime="2026-03-14T14:30:05.8824400+09:00" endTime="2026-03-14T14:30:05.8840550+09:00" testType="13cdc9d9-ddb5-4fa4-a97d-d965ccfc6d4b" outcome="Passed" testListId="8c84fa94-04c1-424b-9868-57a2d4851a1d" relativeResultsDirectory="bf14e681-277f-4532-b819-da8c745e3ef4" />
    <UnitTestResult executionId="4dbc2c84-5cc9-4c8c-a8bd-30a15992b9b9" testId="581340a3-5a1c-d13d-04cc-e9b9e5770b3a" testName="SaveSettingsCommand_CallsSaveOnService" computerName="FilmBium-MacBook-Pro" duration="00:00:00.0076540" startTime="2026-03-14T14:30:06.4006530+09:00" endTime="2026-03-14T14:30:06.4083050+09:00" testType="13cdc9d9-ddb5-4fa4-a97d-d965ccfc6d4b" outcome="Passed" testListId="8c84fa94-04c1-424b-9868-57a2d4851a1d" relativeResultsDirectory="4dbc2c84-5cc9-4c8c-a8bd-30a15992b9b9" />
    <UnitTestResult executionId="ea9c8342-ce3c-4587-8792-013d9d04e2d8" testId="a0ecde32-ca29-e39f-685c-eb6504e1ccad" testName="SaveAsync_NgResult_FileNameContainsDefectType" computerName="FilmBium-MacBook-Pro" duration="00:00:00.0079430" startTime="2026-03-14T14:30:05.8855000+09:00" endTime="2026-03-14T14:30:05.8934420+09:00" testType="13cdc9d9-ddb5-4fa4-a97d-d965ccfc6d4b" outcome="Passed" testListId="8c84fa94-04c1-424b-9868-57a2d4851a1d" relativeResultsDirectory="ea9c8342-ce3c-4587-8792-013d9d04e2d8" />
    <UnitTestResult executionId="04b3844c-b373-4c26-9a8f-ab6f08513dd3" testId="f4c9d317-1efe-4f4d-c2ec-662d17e724d0" testName="Load_NoFileExists_ReturnsDefaultSettings" computerName="FilmBium-MacBook-Pro" duration="00:00:00.0005800" startTime="2026-03-14T14:30:05.9865590+09:00" endTime="2026-03-14T14:30:05.9871380+09:00" testType="13cdc9d9-ddb5-4fa4-a97d-d965ccfc6d4b" outcome="Passed" testListId="8c84fa94-04c1-424b-9868-57a2d4851a1d" relativeResultsDirectory="04b3844c-b373-4c26-9a8f-ab6f08513dd3" />
    <UnitTestResult executionId="3e9c948a-c4f5-48de-bfe9-d9372bf57c5f" testId="075a0c48-5857-456d-a380-5dca24491b4f" testName="RunInferenceAsync_ModelNotLoaded_ThrowsInvalidOperationException" computerName="FilmBium-MacBook-Pro" duration="00:00:00.0006230" startTime="2026-03-14T14:30:05.9365290+09:00" endTime="2026-03-14T14:30:05.9371520+09:00" testType="13cdc9d9-ddb5-4fa4-a97d-d965ccfc6d4b" outcome="Passed" testListId="8c84fa94-04c1-424b-9868-57a2d4851a1d" relativeResultsDirectory="3e9c948a-c4f5-48de-bfe9-d9372bf57c5f" />
    <UnitTestResult executionId="72734229-fbb0-4927-b16c-29fb10044005" testId="e7fa4d78-a32d-0a76-f17f-93bff79444e9" testName="ResizeImage_ValidInput_ReturnsCorrectSize" computerName="FilmBium-MacBook-Pro" duration="00:00:00.0010010" startTime="2026-03-14T14:30:05.8614510+09:00" endTime="2026-03-14T14:30:05.8624510+09:00" testType="13cdc9d9-ddb5-4fa4-a97d-d965ccfc6d4b" outcome="Passed" testListId="8c84fa94-04c1-424b-9868-57a2d4851a1d" relativeResultsDirectory="72734229-fbb0-4927-b16c-29fb10044005" />
    <UnitTestResult executionId="1fec2c9d-1316-4f65-8b53-bb88cea1d56f" testId="19284a6f-100f-2484-46ce-42f33d45eaa0" testName="Resolve_IGradCamService_ReturnsInstance" computerName="FilmBium-MacBook-Pro" duration="00:00:00.0010140" startTime="2026-03-14T14:30:06.2916680+09:00" endTime="2026-03-14T14:30:06.2926820+09:00" testType="13cdc9d9-ddb5-4fa4-a97d-d965ccfc6d4b" outcome="Passed" testListId="8c84fa94-04c1-424b-9868-57a2d4851a1d" relativeResultsDirectory="1fec2c9d-1316-4f65-8b53-bb88cea1d56f">
      <Output>
        <StdOut>info: InspectionSystem.Core.Services.SettingsService[0]
      Settings file not found. Using defaults: test_settings.json</StdOut>
      </Output>
    </UnitTestResult>
    <UnitTestResult executionId="94051c98-c92f-40a4-898d-33536072ddb1" testId="0d1d2d64-f8ed-c336-6fea-8dbc74eadc57" testName="Constructor_NullApiUrl_ThrowsArgumentNullException" computerName="FilmBium-MacBook-Pro" duration="00:00:00.0144230" startTime="2026-03-14T14:30:04.8322400+09:00" endTime="2026-03-14T14:30:04.8465930+09:00" testType="13cdc9d9-ddb5-4fa4-a97d-d965ccfc6d4b" outcome="Passed" testListId="8c84fa94-04c1-424b-9868-57a2d4851a1d" relativeResultsDirectory="94051c98-c92f-40a4-898d-33536072ddb1" />
    <UnitTestResult executionId="828ae886-03ef-44ca-89cc-c52384628cf7" testId="ac4f482c-8eeb-260c-f7b5-487b5b33a533" testName="Resolve_ISettingsService_ReturnsInstance" computerName="FilmBium-MacBook-Pro" duration="00:00:00.0010020" startTime="2026-03-14T14:30:06.2984000+09:00" endTime="2026-03-14T14:30:06.2994020+09:00" testType="13cdc9d9-ddb5-4fa4-a97d-d965ccfc6d4b" outcome="Passed" testListId="8c84fa94-04c1-424b-9868-57a2d4851a1d" relativeResultsDirectory="828ae886-03ef-44ca-89cc-c52384628cf7">
      <Output>
        <StdOut>info: InspectionSystem.Core.Services.SettingsService[0]
      Settings file not found. Using defaults: test_settings.json</StdOut>
      </Output>
    </UnitTestResult>
    <UnitTestResult executionId="bb5b5602-4a84-47c7-b2fc-b4bec3c73f5f" testId="de178852-2832-15dc-cd58-67e3a528047f" testName="Constructor_InitialState_ConfidenceThresholdFromSettings" computerName="FilmBium-MacBook-Pro" duration="00:00:00.0002940" startTime="2026-03-14T14:30:06.3668370+09:00" endTime="2026-03-14T14:30:06.3671310+09:00" testType="13cdc9d9-ddb5-4fa4-a97d-d965ccfc6d4b" outcome="Passed" testListId="8c84fa94-04c1-424b-9868-57a2d4851a1d" relativeResultsDirectory="bb5b5602-4a84-47c7-b2fc-b4bec3c73f5f" />
    <UnitTestResult executionId="ca7637a6-5dec-4f1c-b1c4-0391ce066d8d" testId="e21fcfa8-8715-112d-b120-308de333c143" testName="RunInspectionCommand_ModelNotLoaded_StatusMessageUpdated" computerName="FilmBium-MacBook-Pro" duration="00:00:00.0006390" startTime="2026-03-14T14:30:06.3952710+09:00" endTime="2026-03-14T14:30:06.3959090+09:00" testType="13cdc9d9-ddb5-4fa4-a97d-d965ccfc6d4b" outcome="Passed" testListId="8c84fa94-04c1-424b-9868-57a2d4851a1d" relativeResultsDirectory="ca7637a6-5dec-4f1c-b1c4-0391ce066d8d" />
    <UnitTestResult executionId="261482fb-50f5-4c7a-91ef-6888e49f7473" testId="c8289331-fe36-ec92-1641-e7afabd3a78d" testName="GetStats_MixedRecords_ReturnsCorrectCounts" computerName="FilmBium-MacBook-Pro" duration="00:00:00.0003420" startTime="2026-03-14T14:30:05.9607470+09:00" endTime="2026-03-14T14:30:05.9610890+09:00" testType="13cdc9d9-ddb5-4fa4-a97d-d965ccfc6d4b" outcome="Passed" testListId="8c84fa94-04c1-424b-9868-57a2d4851a1d" relativeResultsDirectory="261482fb-50f5-4c7a-91ef-6888e49f7473" />
    <UnitTestResult executionId="5ac703ee-b21f-445d-a7ab-b9f9adb64a7a" testId="3bef43ff-0955-1d66-7986-02c27f00497d" testName="LoadModelCommand_ModelNotFound_IsModelLoadedRemainingFalse" computerName="FilmBium-MacBook-Pro" duration="00:00:00.0036760" startTime="2026-03-14T14:30:06.3693910+09:00" endTime="2026-03-14T14:30:06.3730660+09:00" testType="13cdc9d9-ddb5-4fa4-a97d-d965ccfc6d4b" outcome="Passed" testListId="8c84fa94-04c1-424b-9868-57a2d4851a1d" relativeResultsDirectory="5ac703ee-b21f-445d-a7ab-b9f9adb64a7a" />
    <UnitTestResult executionId="2637fac8-36b7-4482-b2e5-4b88e9d2bdf8" testId="816ba126-d94e-dbfe-cac6-b4f5fa1cf643" testName="Load_CorruptedFile_ReturnsDefaultSettings" computerName="FilmBium-MacBook-Pro" duration="00:00:00.0213000" startTime="2026-03-14T14:30:05.9652190+09:00" endTime="2026-03-14T14:30:05.9865190+09:00" testType="13cdc9d9-ddb5-4fa4-a97d-d965ccfc6d4b" outcome="Passed" testListId="8c84fa94-04c1-424b-9868-57a2d4851a1d" relativeResultsDirectory="2637fac8-36b7-4482-b2e5-4b88e9d2bdf8" />
    <UnitTestResult executionId="0f6095a3-7629-40ae-b10e-c426f3821c2e" testId="f2928a6a-e6bd-ef1a-3343-33049b0a6cc5" testName="Preprocess_ValidImage_ScaleIsCorrect" computerName="FilmBium-MacBook-Pro" duration="00:00:00.0101370" startTime="2026-03-14T14:30:04.9974230+09:00" endTime="2026-03-14T14:30:05.0075590+09:00" testType="13cdc9d9-ddb5-4fa4-a97d-d965ccfc6d4b" outcome="Passed" testListId="8c84fa94-04c1-424b-9868-57a2d4851a1d" relativeResultsDirectory="0f6095a3-7629-40ae-b10e-c426f3821c2e" />
    <UnitTestResult executionId="86c95bf7-5c4e-47c6-ab85-31bdb8b9cd05" testId="2727d281-fd0e-51fa-aecf-28c2458cb250" testName="RunInferenceAsync_CancelledToken_ThrowsOperationCanceledException" computerName="FilmBium-MacBook-Pro" duration="00:00:00.0218989" startTime="2026-03-14T14:30:05.9131330+09:00" endTime="2026-03-14T14:30:05.9350310+09:00" testType="13cdc9d9-ddb5-4fa4-a97d-d965ccfc6d4b" outcome="Failed" testListId="8c84fa94-04c1-424b-9868-57a2d4851a1d" relativeResultsDirectory="86c95bf7-5c4e-47c6-ab85-31bdb8b9cd05">
      <Output>
        <ErrorInfo>
          <Message>  Assert.That(caughtException, expression)
  Expected: &lt;System.OperationCanceledException&gt;
  But was:  &lt;System.InvalidOperationException: Model is not loaded. Call LoadModelAsync first.
   at InspectionSystem.Core.Services.OnnxInferenceEngine.RunInferenceAsync(Byte[] imageData, Int32 width, Int32 height, InferenceOptions options, CancellationToken cancellationToken) in /Users/geseuteu/vision-inspection-portfolio/02_inspection/InspectionSystem.Core/Services/OnnxInferenceEngine.cs:line 55
   at InspectionSystem.Tests.Core.OnnxInferenceEngineTests.&lt;&gt;c__DisplayClass14_0.&lt;&lt;RunInferenceAsync_CancelledToken_ThrowsOperationCanceledException&gt;b__0&gt;d.MoveNext() in /Users/geseuteu/vision-inspection-portfolio/02_inspection/InspectionSystem.Tests/Core/OnnxInferenceEngineTests.cs:line 123
--- End of stack trace from previous location ---
   at NUnit.Framework.Internal.TaskAwaitAdapter.GenericAdapter`1.GetResult()
   at NUnit.Framework.Internal.AsyncToSyncAdapter.Await[TResult](TestExecutionContext context, Func`1 invoke)
   at NUnit.Framework.Internal.AsyncToSyncAdapter.Await(TestExecutionContext context, Func`1 invoke)
   at NUnit.Framework.Assert.ThrowsAsync(IResolveConstraint expression, AsyncTestDelegate code, String message, Object[] args)&gt;
</Message>
          <StackTrace>   at InspectionSystem.Tests.Core.OnnxInferenceEngineTests.RunInferenceAsync_CancelledToken_ThrowsOperationCanceledException() in /Users/geseuteu/vision-inspection-portfolio/02_inspection/InspectionSystem.Tests/Core/OnnxInferenceEngineTests.cs:line 122

1)    at InspectionSystem.Tests.Core.OnnxInferenceEngineTests.RunInferenceAsync_CancelledToken_ThrowsOperationCanceledException() in /Users/geseuteu/vision-inspection-portfolio/02_inspection/InspectionSystem.Tests/Core/OnnxInferenceEngineTests.cs:line 122

</StackTrace>
        </ErrorInfo>
      </Output>
    </UnitTestResult>
    <UnitTestResult executionId="07fc5281-4f3f-46f3-8a37-38d6ff5f5802" testId="87092c49-3e0f-1747-69f8-a009bb1ddc6c" testName="IsModelLoaded_BeforeLoad_ReturnsFalse" computerName="FilmBium-MacBook-Pro" duration="00:00:00.0002230" startTime="2026-03-14T14:30:05.9010890+09:00" endTime="2026-03-14T14:30:05.9013130+09:00" testType="13cdc9d9-ddb5-4fa4-a97d-d965ccfc6d4b" outcome="Passed" testListId="8c84fa94-04c1-424b-9868-57a2d4851a1d" relativeResultsDirectory="07fc5281-4f3f-46f3-8a37-38d6ff5f5802" />
    <UnitTestResult executionId="59f3cee0-d9c3-4838-b12e-3046d814fd92" testId="cb9f06d6-315c-d282-a6ee-e7dffc59c492" testName="GetStats_EstimatedFps_IsCalculatedCorrectly" computerName="FilmBium-MacBook-Pro" duration="00:00:00.0020420" startTime="2026-03-14T14:30:05.9586420+09:00" endTime="2026-03-14T14:30:05.9606850+09:00" testType="13cdc9d9-ddb5-4fa4-a97d-d965ccfc6d4b" outcome="Passed" testListId="8c84fa94-04c1-424b-9868-57a2d4851a1d" relativeResultsDirectory="59f3cee0-d9c3-4838-b12e-3046d814fd92" />
    <UnitTestResult executionId="d0abb878-3a8e-4736-bd9e-c2b9db2d6840" testId="cd60b788-f25f-7b27-e1ed-34255aad4949" testName="Constructor_NullLogger_ThrowsArgumentNullException" computerName="FilmBium-MacBook-Pro" duration="00:00:00.0011199" startTime="2026-03-14T14:30:04.8483230+09:00" endTime="2026-03-14T14:30:04.8494440+09:00" testType="13cdc9d9-ddb5-4fa4-a97d-d965ccfc6d4b" outcome="Passed" testListId="8c84fa94-04c1-424b-9868-57a2d4851a1d" relativeResultsDirectory="d0abb878-3a8e-4736-bd9e-c2b9db2d6840" />
    <UnitTestResult executionId="8117ecf9-abdd-4ed5-9d8f-08aebf4f7590" testId="34426dcc-e3f7-f0a2-e653-bb8a897a3dec" testName="DrawDetections_EmptyDetections_ReturnsSameSizeImage" computerName="FilmBium-MacBook-Pro" duration="00:00:00.0036170" startTime="2026-03-14T14:30:04.9800590+09:00" endTime="2026-03-14T14:30:04.9836760+09:00" testType="13cdc9d9-ddb5-4fa4-a97d-d965ccfc6d4b" outcome="Passed" testListId="8c84fa94-04c1-424b-9868-57a2d4851a1d" relativeResultsDirectory="8117ecf9-abdd-4ed5-9d8f-08aebf4f7590" />
    <UnitTestResult executionId="ac2236ca-4ac0-4363-91ed-70803ab5f730" testId="094c3e19-a835-507f-18e3-17c97b3c2cc5" testName="SaveAsync_NgResult_FileNameContainsNG" computerName="FilmBium-MacBook-Pro" duration="00:00:00.0026220" startTime="2026-03-14T14:30:05.8935120+09:00" endTime="2026-03-14T14:30:05.8961330+09:00" testType="13cdc9d9-ddb5-4fa4-a97d-d965ccfc6d4b" outcome="Passed" testListId="8c84fa94-04c1-424b-9868-57a2d4851a1d" relativeResultsDirectory="ac2236ca-4ac0-4363-91ed-70803ab5f730" />
    <UnitTestResult executionId="051bc33d-c46f-47f0-b8c2-bf5861b5bea8" testId="ef0b2acf-56a8-98b2-c8fa-cd8c030b30b1" testName="IouThreshold_SetValue_PropertyChangedRaised" computerName="FilmBium-MacBook-Pro" duration="00:00:00.0003830" startTime="2026-03-14T14:30:06.3689940+09:00" endTime="2026-03-14T14:30:06.3693770+09:00" testType="13cdc9d9-ddb5-4fa4-a97d-d965ccfc6d4b" outcome="Passed" testListId="8c84fa94-04c1-424b-9868-57a2d4851a1d" relativeResultsDirectory="051bc33d-c46f-47f0-b8c2-bf5861b5bea8" />
    <UnitTestResult executionId="0bf1399e-6f71-460b-923b-ad1bc6718f86" testId="c53572b3-14b9-3656-ba75-9d6de2e25a2b" testName="Constructor_InitialState_IsModelLoadedFalse" computerName="FilmBium-MacBook-Pro" duration="00:00:00.0002390" startTime="2026-03-14T14:30:06.3684370+09:00" endTime="2026-03-14T14:30:06.3686770+09:00" testType="13cdc9d9-ddb5-4fa4-a97d-d965ccfc6d4b" outcome="Passed" testListId="8c84fa94-04c1-424b-9868-57a2d4851a1d" relativeResultsDirectory="0bf1399e-6f71-460b-923b-ad1bc6718f86" />
    <UnitTestResult executionId="34be72a9-3b1b-419d-9619-20e1677aa74c" testId="75018579-c8db-d7cf-9906-7e952b3ae22d" testName="Log_NullRecord_ThrowsArgumentNullException" computerName="FilmBium-MacBook-Pro" duration="00:00:00.0002140" startTime="2026-03-14T14:30:05.9617050+09:00" endTime="2026-03-14T14:30:05.9619190+09:00" testType="13cdc9d9-ddb5-4fa4-a97d-d965ccfc6d4b" outcome="Passed" testListId="8c84fa94-04c1-424b-9868-57a2d4851a1d" relativeResultsDirectory="34be72a9-3b1b-419d-9619-20e1677aa74c" />
    <UnitTestResult executionId="d50bfcb1-6f90-4787-bcdd-bd132d0e6121" testId="b4c6eacc-022d-5c14-ae50-61c10f06f530" testName="Constructor_LoadsSettingsFromService" computerName="FilmBium-MacBook-Pro" duration="00:00:00.0005450" startTime="2026-03-14T14:30:06.3983480+09:00" endTime="2026-03-14T14:30:06.3988920+09:00" testType="13cdc9d9-ddb5-4fa4-a97d-d965ccfc6d4b" outcome="Passed" testListId="8c84fa94-04c1-424b-9868-57a2d4851a1d" relativeResultsDirectory="d50bfcb1-6f90-4787-bcdd-bd132d0e6121" />
    <UnitTestResult executionId="17e5a04e-3a22-4b6e-9410-2eff73ddc920" testId="12b584e8-ee48-c684-51d5-457ddd2282c8" testName="Resolve_ISessionLogger_IsSingleton" computerName="FilmBium-MacBook-Pro" duration="00:00:00.0010420" startTime="2026-03-14T14:30:06.2955670+09:00" endTime="2026-03-14T14:30:06.2966080+09:00" testType="13cdc9d9-ddb5-4fa4-a97d-d965ccfc6d4b" outcome="Passed" testListId="8c84fa94-04c1-424b-9868-57a2d4851a1d" relativeResultsDirectory="17e5a04e-3a22-4b6e-9410-2eff73ddc920" />
    <UnitTestResult executionId="bc512a58-fa3d-4439-837c-e74c27772512" testId="ae655213-16b6-c0c0-51ee-e4c41249c331" testName="GenerateAsync_ApiNotAvailable_ReturnsFailureResult" computerName="FilmBium-MacBook-Pro" duration="00:00:00.0781800" startTime="2026-03-14T14:30:04.8495210+09:00" endTime="2026-03-14T14:30:04.9277010+09:00" testType="13cdc9d9-ddb5-4fa4-a97d-d965ccfc6d4b" outcome="Passed" testListId="8c84fa94-04c1-424b-9868-57a2d4851a1d" relativeResultsDirectory="bc512a58-fa3d-4439-837c-e74c27772512" />
    <UnitTestResult executionId="0e1a6d66-b7b7-4812-9616-fa0c6822d6a7" testId="9cf2b712-b852-924b-3898-9616e2126c92" testName="Preprocess_ValidImage_ReturnsTensorWithCorrectSize" computerName="FilmBium-MacBook-Pro" duration="00:00:00.0112599" startTime="2026-03-14T14:30:04.9861280+09:00" endTime="2026-03-14T14:30:04.9973880+09:00" testType="13cdc9d9-ddb5-4fa4-a97d-d965ccfc6d4b" outcome="Passed" testListId="8c84fa94-04c1-424b-9868-57a2d4851a1d" relativeResultsDirectory="0e1a6d66-b7b7-4812-9616-fa0c6822d6a7" />
    <UnitTestResult executionId="c84a2859-7a96-42df-8415-c951572772cc" testId="e52720b0-b752-5d00-d611-41e69acb3daa" testName="Save_UpdatesCurrent" computerName="FilmBium-MacBook-Pro" duration="00:00:00.0007640" startTime="2026-03-14T14:30:05.9966750+09:00" endTime="2026-03-14T14:30:05.9974390+09:00" testType="13cdc9d9-ddb5-4fa4-a97d-d965ccfc6d4b" outcome="Passed" testListId="8c84fa94-04c1-424b-9868-57a2d4851a1d" relativeResultsDirectory="c84a2859-7a96-42df-8415-c951572772cc" />
    <UnitTestResult executionId="cfd42ac1-2546-4843-852b-706c236e2408" testId="8ea013df-9795-be01-9b78-2b309d8475b4" testName="SaveAsync_NullImageData_ThrowsArgumentNullException" computerName="FilmBium-MacBook-Pro" duration="00:00:00.0009210" startTime="2026-03-14T14:30:05.8962040+09:00" endTime="2026-03-14T14:30:05.8971250+09:00" testType="13cdc9d9-ddb5-4fa4-a97d-d965ccfc6d4b" outcome="Passed" testListId="8c84fa94-04c1-424b-9868-57a2d4851a1d" relativeResultsDirectory="cfd42ac1-2546-4843-852b-706c236e2408" />
    <UnitTestResult executionId="058cc661-7773-4a9a-b12a-1a9318a63684" testId="1ffe3259-427d-4f6c-b6c3-8b0893c78604" testName="GetStats_NgRate_IsCalculatedCorrectly" computerName="FilmBium-MacBook-Pro" duration="00:00:00.0002760" startTime="2026-03-14T14:30:05.9612010+09:00" endTime="2026-03-14T14:30:05.9614770+09:00" testType="13cdc9d9-ddb5-4fa4-a97d-d965ccfc6d4b" outcome="Passed" testListId="8c84fa94-04c1-424b-9868-57a2d4851a1d" relativeResultsDirectory="058cc661-7773-4a9a-b12a-1a9318a63684" />
    <UnitTestResult executionId="c27e4412-babe-4cd1-b5de-ed52193248bb" testId="d6ed9540-6c7b-31a3-9de2-168b8401d89b" testName="Constructor_NullLogger_ThrowsArgumentNullException" computerName="FilmBium-MacBook-Pro" duration="00:00:00.0007360" startTime="2026-03-14T14:30:05.8626690+09:00" endTime="2026-03-14T14:30:05.8634050+09:00" testType="13cdc9d9-ddb5-4fa4-a97d-d965ccfc6d4b" outcome="Passed" testListId="8c84fa94-04c1-424b-9868-57a2d4851a1d" relativeResultsDirectory="c27e4412-babe-4cd1-b5de-ed52193248bb" />
  </Results>
  <TestDefinitions>
    <UnitTest name="GetStats_EmptyHistory_ReturnsZeroStats" storage="/users/geseuteu/vision-inspection-portfolio/02_inspection/inspectionsystem.tests/bin/debug/net10.0/inspectionsystem.tests.dll" id="243036b1-cbda-86f8-aaeb-08987aff4df7">
      <Execution id="d054cc16-0ffe-413c-8155-1a595a0df158" />
      <TestMethod codeBase="/Users/geseuteu/vision-inspection-portfolio/02_inspection/InspectionSystem.Tests/bin/Debug/net10.0/InspectionSystem.Tests.dll" adapterTypeName="executor://nunit3testexecutor/" className="InspectionSystem.Tests.Core.SessionLoggerTests" name="GetStats_EmptyHistory_ReturnsZeroStats" />
    </UnitTest>
    <UnitTest name="RunInspectionCommand_ModelNotLoaded_StatusMessageUpdated" storage="/users/geseuteu/vision-inspection-portfolio/02_inspection/inspectionsystem.tests/bin/debug/net10.0/inspectionsystem.tests.dll" id="e21fcfa8-8715-112d-b120-308de333c143">
      <Execution id="ca7637a6-5dec-4f1c-b1c4-0391ce066d8d" />
      <TestMethod codeBase="/Users/geseuteu/vision-inspection-portfolio/02_inspection/InspectionSystem.Tests/bin/Debug/net10.0/InspectionSystem.Tests.dll" adapterTypeName="executor://nunit3testexecutor/" className="InspectionSystem.Tests.ViewModels.InspectionViewModelTests" name="RunInspectionCommand_ModelNotLoaded_StatusMessageUpdated" />
    </UnitTest>
    <UnitTest name="Resolve_IInferenceEngine_IsTransient" storage="/users/geseuteu/vision-inspection-portfolio/02_inspection/inspectionsystem.tests/bin/debug/net10.0/inspectionsystem.tests.dll" id="86db36f8-0f45-eb07-c1fc-c78ed978692b">
      <Execution id="d31b663c-b071-4dfc-a07c-f0e472fcc602" />
      <TestMethod codeBase="/Users/geseuteu/vision-inspection-portfolio/02_inspection/InspectionSystem.Tests/bin/Debug/net10.0/InspectionSystem.Tests.dll" adapterTypeName="executor://nunit3testexecutor/" className="InspectionSystem.Tests.Integration.DiContainerTests" name="Resolve_IInferenceEngine_IsTransient" />
    </UnitTest>
    <UnitTest name="GenerateAsync_ApiNotAvailable_SetsIsAvailableFalse" storage="/users/geseuteu/vision-inspection-portfolio/02_inspection/inspectionsystem.tests/bin/debug/net10.0/inspectionsystem.tests.dll" id="efbd26bf-5ead-d39a-1dbd-868b92fd49d7">
      <Execution id="4de99473-d870-4be4-b94f-405d6955cdde" />
      <TestMethod codeBase="/Users/geseuteu/vision-inspection-portfolio/02_inspection/InspectionSystem.Tests/bin/Debug/net10.0/InspectionSystem.Tests.dll" adapterTypeName="executor://nunit3testexecutor/" className="InspectionSystem.Tests.Core.GradCamServiceTests" name="GenerateAsync_ApiNotAvailable_SetsIsAvailableFalse" />
    </UnitTest>
    <UnitTest name="Test1" storage="/users/geseuteu/vision-inspection-portfolio/02_inspection/inspectionsystem.tests/bin/debug/net10.0/inspectionsystem.tests.dll" id="c466c36a-8846-105c-f1d3-b88c8eb006c8">
      <Execution id="5a0f1669-47c0-4403-af57-292686db6310" />
      <TestMethod codeBase="/Users/geseuteu/vision-inspection-portfolio/02_inspection/InspectionSystem.Tests/bin/Debug/net10.0/InspectionSystem.Tests.dll" adapterTypeName="executor://nunit3testexecutor/" className="InspectionSystem.Tests.Tests" name="Test1" />
    </UnitTest>
    <UnitTest name="ResizeImage_NullImageData_ThrowsArgumentNullException" storage="/users/geseuteu/vision-inspection-portfolio/02_inspection/inspectionsystem.tests/bin/debug/net10.0/inspectionsystem.tests.dll" id="9baac37c-f755-91a6-4ba5-ee7ebbfca14b">
      <Execution id="853320a1-fa2d-4290-a283-7686689446fb" />
      <TestMethod codeBase="/Users/geseuteu/vision-inspection-portfolio/02_inspection/InspectionSystem.Tests/bin/Debug/net10.0/InspectionSystem.Tests.dll" adapterTypeName="executor://nunit3testexecutor/" className="InspectionSystem.Tests.Core.ImageProcessorTests" name="ResizeImage_NullImageData_ThrowsArgumentNullException" />
    </UnitTest>
    <UnitTest name="SaveSettingsCommand_SavesCorrectValues" storage="/users/geseuteu/vision-inspection-portfolio/02_inspection/inspectionsystem.tests/bin/debug/net10.0/inspectionsystem.tests.dll" id="d2e494eb-32b7-7b0f-1a93-0c4849b5e770">
      <Execution id="ef84b1eb-8b92-4ce2-a855-d5ddf85859ae" />
      <TestMethod codeBase="/Users/geseuteu/vision-inspection-portfolio/02_inspection/InspectionSystem.Tests/bin/Debug/net10.0/InspectionSystem.Tests.dll" adapterTypeName="executor://nunit3testexecutor/" className="InspectionSystem.Tests.ViewModels.SettingsViewModelTests" name="SaveSettingsCommand_SavesCorrectValues" />
    </UnitTest>
    <UnitTest name="Resolve_ISessionLogger_ReturnsInstance" storage="/users/geseuteu/vision-inspection-portfolio/02_inspection/inspectionsystem.tests/bin/debug/net10.0/inspectionsystem.tests.dll" id="88fdbb18-4ee6-8c91-63d7-b5114e9feda7">
      <Execution id="66b91996-8fd8-4758-bc34-7891b477fc16" />
      <TestMethod codeBase="/Users/geseuteu/vision-inspection-portfolio/02_inspection/InspectionSystem.Tests/bin/Debug/net10.0/InspectionSystem.Tests.dll" adapterTypeName="executor://nunit3testexecutor/" className="InspectionSystem.Tests.Integration.DiContainerTests" name="Resolve_ISessionLogger_ReturnsInstance" />
    </UnitTest>
    <UnitTest name="Clear_AfterLogging_EmptiesHistory" storage="/users/geseuteu/vision-inspection-portfolio/02_inspection/inspectionsystem.tests/bin/debug/net10.0/inspectionsystem.tests.dll" id="ec625002-2b17-dc65-a8d5-cb36d0f6beee">
      <Execution id="487dac71-93d4-46c0-8ec8-8862eb6c1f4b" />
      <TestMethod codeBase="/Users/geseuteu/vision-inspection-portfolio/02_inspection/InspectionSystem.Tests/bin/Debug/net10.0/InspectionSystem.Tests.dll" adapterTypeName="executor://nunit3testexecutor/" className="InspectionSystem.Tests.Core.SessionLoggerTests" name="Clear_AfterLogging_EmptiesHistory" />
    </UnitTest>
    <UnitTest name="Constructor_NullLogger_ThrowsArgumentNullException" storage="/users/geseuteu/vision-inspection-portfolio/02_inspection/inspectionsystem.tests/bin/debug/net10.0/inspectionsystem.tests.dll" id="cd60b788-f25f-7b27-e1ed-34255aad4949">
      <Execution id="d0abb878-3a8e-4736-bd9e-c2b9db2d6840" />
      <TestMethod codeBase="/Users/geseuteu/vision-inspection-portfolio/02_inspection/InspectionSystem.Tests/bin/Debug/net10.0/InspectionSystem.Tests.dll" adapterTypeName="executor://nunit3testexecutor/" className="InspectionSystem.Tests.Core.GradCamServiceTests" name="Constructor_NullLogger_ThrowsArgumentNullException" />
    </UnitTest>
    <UnitTest name="Constructor_NullApiUrl_ThrowsArgumentNullException" storage="/users/geseuteu/vision-inspection-portfolio/02_inspection/inspectionsystem.tests/bin/debug/net10.0/inspectionsystem.tests.dll" id="0d1d2d64-f8ed-c336-6fea-8dbc74eadc57">
      <Execution id="94051c98-c92f-40a4-898d-33536072ddb1" />
      <TestMethod codeBase="/Users/geseuteu/vision-inspection-portfolio/02_inspection/InspectionSystem.Tests/bin/Debug/net10.0/InspectionSystem.Tests.dll" adapterTypeName="executor://nunit3testexecutor/" className="InspectionSystem.Tests.Core.GradCamServiceTests" name="Constructor_NullApiUrl_ThrowsArgumentNullException" />
    </UnitTest>
    <UnitTest name="RunInferenceAsync_ZeroHeight_ThrowsArgumentOutOfRangeException" storage="/users/geseuteu/vision-inspection-portfolio/02_inspection/inspectionsystem.tests/bin/debug/net10.0/inspectionsystem.tests.dll" id="af8d33eb-63e6-516b-d6c8-eecbe99788d2">
      <Execution id="c33b15c0-426f-4bba-8742-799aa6f78d61" />
      <TestMethod codeBase="/Users/geseuteu/vision-inspection-portfolio/02_inspection/InspectionSystem.Tests/bin/Debug/net10.0/InspectionSystem.Tests.dll" adapterTypeName="executor://nunit3testexecutor/" className="InspectionSystem.Tests.Core.OnnxInferenceEngineTests" name="RunInferenceAsync_ZeroHeight_ThrowsArgumentOutOfRangeException" />
    </UnitTest>
[...]
    </UnitTest>
    <UnitTest name="RunInferenceAsync_NullImageData_ThrowsArgumentNullException" storage="/users/geseuteu/vision-inspection-portfolio/02_inspection/inspectionsystem.tests/bin/debug/net10.0/inspectionsystem.tests.dll" id="3caadda6-367c-b6c5-3088-c247892ed7e1">
      <Execution id="627fd3a1-f1bc-419c-8d5a-295f636a9d1e" />
      <TestMethod codeBase="/Users/geseuteu/vision-inspection-portfolio/02_inspection/InspectionSystem.Tests/bin/Debug/net10.0/InspectionSystem.Tests.dll" adapterTypeName="executor://nunit3testexecutor/" className="InspectionSystem.Tests.Core.OnnxInferenceEngineTests" name="RunInferenceAsync_NullImageData_ThrowsArgumentNullException" />
    </UnitTest>
  </TestDefinitions>
  <TestEntries>
    <TestEntry testId="72c0d2a2-21af-feb6-625c-0441d1d294db" executionId="e0c4a8c2-d1d4-4632-9d84-b6716581f515" testListId="8c84fa94-04c1-424b-9868-57a2d4851a1d" />
    <TestEntry testId="d545a9fb-c421-e095-c258-82f232fe31e6" executionId="a9238d37-6b41-47df-a6fb-5c0c3cf09659" testListId="8c84fa94-04c1-424b-9868-57a2d4851a1d" />
    <TestEntry testId="fd43f1f3-d17d-53c1-55e5-bbe539e1e995" executionId="b83d6e31-64ba-40c7-acba-99888f35bca2" testListId="8c84fa94-04c1-424b-9868-57a2d4851a1d" />
    <TestEntry testId="0f4f355b-3bac-1f3e-5437-79c5479946fa" executionId="008385df-72ca-4ba3-ab38-4551f82faa7d" testListId="8c84fa94-04c1-424b-9868-57a2d4851a1d" />
    <TestEntry testId="6d5f8f08-0b6d-8074-4ce8-291f2512a326" executionId="418fe8ea-5939-46a2-b77d-a5e9a258f480" testListId="8c84fa94-04c1-424b-9868-57a2d4851a1d" />
    <TestEntry testId="d7e45726-e675-f4e1-a4c7-07103e2133a2" executionId="b65bfd14-73f9-4975-9f21-17d3998648f3" testListId="8c84fa94-04c1-424b-9868-57a2d4851a1d" />
    <TestEntry testId="79da8a44-121a-c29a-6d61-d7e386dcd053" executionId="c9153197-715f-45b7-ae3d-4e1e43931721" testListId="8c84fa94-04c1-424b-9868-57a2d4851a1d" />
    <TestEntry testId="c466c36a-8846-105c-f1d3-b88c8eb006c8" executionId="5a0f1669-47c0-4403-af57-292686db6310" testListId="8c84fa94-04c1-424b-9868-57a2d4851a1d" />
    <TestEntry testId="b35bb332-6661-916e-ecd6-8099dce1c9f7" executionId="624aa5e4-3cbd-4ed9-b167-4b71c00e67c5" testListId="8c84fa94-04c1-424b-9868-57a2d4851a1d" />
    <TestEntry testId="55f075bb-cc7d-2eac-e9dc-69d095eba35a" executionId="eaa26085-6682-4a33-ae64-481e83f3cce9" testListId="8c84fa94-04c1-424b-9868-57a2d4851a1d" />
    <TestEntry testId="b8dcfcd0-ca58-295f-761c-3b64360edd19" executionId="407563f6-b028-420f-bebe-9aaa6ea02e5d" testListId="8c84fa94-04c1-424b-9868-57a2d4851a1d" />
    <TestEntry testId="73c6c95c-19e8-55ff-4480-d94facf3d43a" executionId="116ae4ec-602a-4555-a535-1d55981fee99" testListId="8c84fa94-04c1-424b-9868-57a2d4851a1d" />
    <TestEntry testId="11c9b67a-8888-e46f-05d8-3e1fcd404e2f" executionId="cb6e4c34-81ec-4fdc-8167-dd04392ce713" testListId="8c84fa94-04c1-424b-9868-57a2d4851a1d" />
    <TestEntry testId="af8d33eb-63e6-516b-d6c8-eecbe99788d2" executionId="c33b15c0-426f-4bba-8742-799aa6f78d61" testListId="8c84fa94-04c1-424b-9868-57a2d4851a1d" />
    <TestEntry testId="861bccbc-fe62-afac-221a-70a02daa7c06" executionId="6e1b2a26-0dc5-4bb5-a40f-07b82947f197" testListId="8c84fa94-04c1-424b-9868-57a2d4851a1d" />
    <TestEntry testId="ac8a6251-50ea-66f3-eae1-0343eb73b539" executionId="5640edd2-cd6d-48b9-8053-392781e82a12" testListId="8c84fa94-04c1-424b-9868-57a2d4851a1d" />
    <TestEntry testId="3d9da90a-07ee-5548-0c1f-fc2964f72141" executionId="7c3b2710-9c84-44f9-b49e-3b85e31fef78" testListId="8c84fa94-04c1-424b-9868-57a2d4851a1d" />
    <TestEntry testId="63c96797-d6ca-0328-2eec-bfe7c0de5a38" executionId="7d7ad8e7-3450-4893-a4c3-3b47bb755e0b" testListId="8c84fa94-04c1-424b-9868-57a2d4851a1d" />
    <TestEntry testId="232a167e-fb91-fcca-455e-25ade970f202" executionId="6af5a04f-0374-4f5c-b481-896bfb354679" testListId="8c84fa94-04c1-424b-9868-57a2d4851a1d" />
    <TestEntry testId="33c35348-7f9a-7d92-fea1-43a9d80ba9d5" executionId="31b55ca7-e1bd-4956-8cc8-d0b0f11e036c" testListId="8c84fa94-04c1-424b-9868-57a2d4851a1d" />
    <TestEntry testId="c2a95348-414b-7053-cc04-74c2a9708f52" executionId="6ec1de60-5a15-4740-a277-a74679d0e466" testListId="8c84fa94-04c1-424b-9868-57a2d4851a1d" />
    <TestEntry testId="3caadda6-367c-b6c5-3088-c247892ed7e1" executionId="627fd3a1-f1bc-419c-8d5a-295f636a9d1e" testListId="8c84fa94-04c1-424b-9868-57a2d4851a1d" />
    <TestEntry testId="88f4c1f9-a90b-d8b8-7f32-d02aac4588b5" executionId="a2ef763b-4b11-43cc-b2a6-aabdb474fa2f" testListId="8c84fa94-04c1-424b-9868-57a2d4851a1d" />
    <TestEntry testId="b0d0d418-f79a-ebcb-a9b1-797d4ad33343" executionId="0c122de4-388d-48bf-ab9a-0f14b32bb86e" testListId="8c84fa94-04c1-424b-9868-57a2d4851a1d" />
    <TestEntry testId="2f33f113-b3c4-223a-2bb7-e3db95a197ce" executionId="1bfefdeb-20f4-4727-bdaa-2603c49fbff0" testListId="8c84fa94-04c1-424b-9868-57a2d4851a1d" />
    <TestEntry testId="1b060aa7-fd77-8a53-6b3d-f2ec5eb961da" executionId="24a41e35-b2a6-4d14-b69e-795605a41726" testListId="8c84fa94-04c1-424b-9868-57a2d4851a1d" />
    <TestEntry testId="9ce7efc9-68d1-3a87-6910-a0dfffea5fe4" executionId="6f51edfe-d283-4cf3-8195-5eaf08cef51a" testListId="8c84fa94-04c1-424b-9868-57a2d4851a1d" />
    <TestEntry testId="527defe1-fc8e-5830-d1db-918518b904c4" executionId="2cd81baa-020a-4dc1-b7e2-a77fbaad6b9d" testListId="8c84fa94-04c1-424b-9868-57a2d4851a1d" />
    <TestEntry testId="495e2a29-34ef-1df4-ce07-081f25d62046" executionId="e4150804-445a-41dd-9635-76ec140c4126" testListId="8c84fa94-04c1-424b-9868-57a2d4851a1d" />
    <TestEntry testId="002d5b40-0863-510a-d3cd-6c64747ce256" executionId="ca0860d9-d8c4-41f1-8883-246f2e1a6457" testListId="8c84fa94-04c1-424b-9868-57a2d4851a1d" />
    <TestEntry testId="016e3057-1765-f44c-e852-d6578df75a11" executionId="16709424-db94-4c42-81bc-9dca78313ede" testListId="8c84fa94-04c1-424b-9868-57a2d4851a1d" />
    <TestEntry testId="6c5338cc-2763-19a2-7d95-471c2892373b" executionId="27b33add-3632-4223-bf19-7ad7732ea6eb" testListId="8c84fa94-04c1-424b-9868-57a2d4851a1d" />
    <TestEntry testId="243036b1-cbda-86f8-aaeb-08987aff4df7" executionId="d054cc16-0ffe-413c-8155-1a595a0df158" testListId="8c84fa94-04c1-424b-9868-57a2d4851a1d" />
    <TestEntry testId="b3033a0e-8850-3e49-b307-4609bd40a7af" executionId="1f5a3b63-d012-45f9-8d5a-4d9aade95824" testListId="8c84fa94-04c1-424b-9868-57a2d4851a1d" />
    <TestEntry testId="eff8eefa-757a-d09c-37ec-9751439d9d40" executionId="b5c50458-1bc3-425e-9e39-787fdcd03d62" testListId="8c84fa94-04c1-424b-9868-57a2d4851a1d" />
    <TestEntry testId="d98ac365-12b2-365e-9e87-43805f7f9788" executionId="1e11467c-5058-47df-967e-32163b1039c3" testListId="8c84fa94-04c1-424b-9868-57a2d4851a1d" />
    <TestEntry testId="19e2ac1a-ddae-0209-7891-59c69485f9ac" executionId="9e07ae55-b9ab-4f30-83bb-aa7a501c3c78" testListId="8c84fa94-04c1-424b-9868-57a2d4851a1d" />
    <TestEntry testId="4a8fc462-5620-8b94-9322-417c7afbc716" executionId="1b73f39f-1274-47ed-a7f5-8bcc83cb4f2a" testListId="8c84fa94-04c1-424b-9868-57a2d4851a1d" />
    <TestEntry testId="a4146716-970e-301c-e54b-0c57fbcd0478" executionId="034c4f9d-4108-45a0-8abd-e48c9a953acd" testListId="8c84fa94-04c1-424b-9868-57a2d4851a1d" />
    <TestEntry testId="585e149d-fc4a-4939-e811-616a06a1064b" executionId="8a73de96-0d42-4d7b-b266-6235a20f779d" testListId="8c84fa94-04c1-424b-9868-57a2d4851a1d" />
    <TestEntry testId="2c5bdb52-4657-64f2-7e73-66adfbfb4583" executionId="36cb2a97-9e09-4da9-9fe7-8889a405b71d" testListId="8c84fa94-04c1-424b-9868-57a2d4851a1d" />
    <TestEntry testId="88fdbb18-4ee6-8c91-63d7-b5114e9feda7" executionId="66b91996-8fd8-4758-bc34-7891b477fc16" testListId="8c84fa94-04c1-424b-9868-57a2d4851a1d" />
    <TestEntry testId="d5affb9e-4e33-9e09-c59e-579fb62a7d8e" executionId="c43071f7-06fd-4202-97b4-60d6d51fbc87" testListId="8c84fa94-04c1-424b-9868-57a2d4851a1d" />
    <TestEntry testId="ec625002-2b17-dc65-a8d5-cb36d0f6beee" executionId="487dac71-93d4-46c0-8ec8-8862eb6c1f4b" testListId="8c84fa94-04c1-424b-9868-57a2d4851a1d" />
    <TestEntry testId="2e13f878-3221-6fc6-a35a-f5fb31b71805" executionId="05e2f661-f3ea-4f08-af0d-1ac4dcc83b17" testListId="8c84fa94-04c1-424b-9868-57a2d4851a1d" />
    <TestEntry testId="3becd8b0-4ed7-15f1-6693-7bf6ce2cf203" executionId="82e10f67-7f73-4363-9047-94fa7f5c44fc" testListId="8c84fa94-04c1-424b-9868-57a2d4851a1d" />
    <TestEntry testId="d2e494eb-32b7-7b0f-1a93-0c4849b5e770" executionId="ef84b1eb-8b92-4ce2-a855-d5ddf85859ae" testListId="8c84fa94-04c1-424b-9868-57a2d4851a1d" />
    <TestEntry testId="9e734fd1-96a7-d738-4a16-77868b3edc55" executionId="765ae81a-3c39-44bc-8d11-1eb3d0607836" testListId="8c84fa94-04c1-424b-9868-57a2d4851a1d" />
    <TestEntry testId="9673163d-e899-b238-93e4-8f2478f20777" executionId="6b5b10be-8682-4d4a-86cc-320e743ca431" testListId="8c84fa94-04c1-424b-9868-57a2d4851a1d" />
    <TestEntry testId="9baac37c-f755-91a6-4ba5-ee7ebbfca14b" executionId="853320a1-fa2d-4290-a283-7686689446fb" testListId="8c84fa94-04c1-424b-9868-57a2d4851a1d" />
    <TestEntry testId="c99c6f05-5422-3ba9-f22c-16630d5c39e7" executionId="f3a4dd43-f3bf-4f61-a9d2-57631d7ef381" testListId="8c84fa94-04c1-424b-9868-57a2d4851a1d" />
    <TestEntry testId="f68c45e3-d274-7cba-68f3-0e3ab603f39c" executionId="63d72a79-a5ad-4c85-a81a-25e39c4a1d2e" testListId="8c84fa94-04c1-424b-9868-57a2d4851a1d" />
    <TestEntry testId="93606222-ef74-2a19-bf5a-cbffc9b6ad96" executionId="067a0185-0a4a-43e4-b8f9-55fea39da4ad" testListId="8c84fa94-04c1-424b-9868-57a2d4851a1d" />
    <TestEntry testId="cb5301c0-1be7-58b5-a838-050622fbd65d" executionId="00ec7121-7ced-431c-83e4-037cc1594b5e" testListId="8c84fa94-04c1-424b-9868-57a2d4851a1d" />
    <TestEntry testId="7162265c-7f50-4990-9c06-aeb705427f65" executionId="c409bd7a-5aea-4388-9ad3-a7c13df2acf5" testListId="8c84fa94-04c1-424b-9868-57a2d4851a1d" />
    <TestEntry testId="1506bb79-0877-5207-54be-0212443ccd07" executionId="7beb3fe6-8cb9-4f77-a6c5-6cede2706d16" testListId="8c84fa94-04c1-424b-9868-57a2d4851a1d" />
    <TestEntry testId="efbd26bf-5ead-d39a-1dbd-868b92fd49d7" executionId="4de99473-d870-4be4-b94f-405d6955cdde" testListId="8c84fa94-04c1-424b-9868-57a2d4851a1d" />
    <TestEntry testId="67674203-32d9-832d-603e-dda17d2c4b9b" executionId="c840b5de-e505-437f-9720-9760d0e8c34d" testListId="8c84fa94-04c1-424b-9868-57a2d4851a1d" />
    <TestEntry testId="b9f9cd5a-1f51-b932-c8bf-a9c9e1d11428" executionId="719dc1c8-2648-4c07-8fbf-5b40edb32b2c" testListId="8c84fa94-04c1-424b-9868-57a2d4851a1d" />
    <TestEntry testId="98cef3dc-3f76-10d6-2570-49e6614c6bc7" executionId="4746c71c-617f-47ea-aa4b-14e06078c5c6" testListId="8c84fa94-04c1-424b-9868-57a2d4851a1d" />
    <TestEntry testId="7946674c-a981-f09b-d9b5-8149af151a4c" executionId="34cde9d2-c13b-49fd-b89d-9a013ca8e1b9" testListId="8c84fa94-04c1-424b-9868-57a2d4851a1d" />
    <TestEntry testId="adfbb0bb-a1e6-7cd5-0700-964f8934f0ce" executionId="597f0288-0a9f-4caa-9adf-24b3283af13b" testListId="8c84fa94-04c1-424b-9868-57a2d4851a1d" />
    <TestEntry testId="86bfb2d6-7f43-4ff7-51a9-ba230785b7ce" executionId="657d4098-c692-4e02-8905-2dc81d010be7" testListId="8c84fa94-04c1-424b-9868-57a2d4851a1d" />
    <TestEntry testId="bae0fa6c-1d84-8b4f-09c0-450a170649e9" executionId="045e43d2-c929-43de-a247-81a56c8de6b7" testListId="8c84fa94-04c1-424b-9868-57a2d4851a1d" />
    <TestEntry testId="74904f4b-443e-edc4-92ed-aeeb4ea9b6db" executionId="90c225d2-c464-4522-84e1-8d8369417bf5" testListId="8c84fa94-04c1-424b-9868-57a2d4851a1d" />
    <TestEntry testId="6a7b135c-af40-594c-7d1e-eea3516a506c" executionId="459a7005-fc35-43fd-a17d-222515806531" testListId="8c84fa94-04c1-424b-9868-57a2d4851a1d" />
    <TestEntry testId="0ece4b2b-3744-55de-de57-aa297ad52a65" executionId="c304eb3f-1a3b-4d9b-8923-9db6e30da404" testListId="8c84fa94-04c1-424b-9868-57a2d4851a1d" />
    <TestEntry testId="86db36f8-0f45-eb07-c1fc-c78ed978692b" executionId="d31b663c-b071-4dfc-a07c-f0e472fcc602" testListId="8c84fa94-04c1-424b-9868-57a2d4851a1d" />
    <TestEntry testId="2f8bd116-6ec6-6949-08f4-b38712eabb56" executionId="34c1a996-3ef2-46dd-9a60-4fa937bd4148" testListId="8c84fa94-04c1-424b-9868-57a2d4851a1d" />
    <TestEntry testId="5fd63645-756d-9150-d683-63d23c672892" executionId="46ba4d5a-500b-424a-bb47-5693a8a7184d" testListId="8c84fa94-04c1-424b-9868-57a2d4851a1d" />
    <TestEntry testId="f4c83732-64d7-3870-2766-b230c5c9edf8" executionId="b7d76a63-29e8-4b05-801e-65d684445433" testListId="8c84fa94-04c1-424b-9868-57a2d4851a1d" />
    <TestEntry testId="28bef89c-e083-6a3d-af3b-10ef8dcbbefc" executionId="2ea542f3-8062-4b94-96d6-79c2c5804e5b" testListId="8c84fa94-04c1-424b-9868-57a2d4851a1d" />
    <TestEntry testId="193bb967-8520-778f-6246-31c21dd11e05" executionId="a39f6c8e-5233-4b33-9a3b-999c362c473d" testListId="8c84fa94-04c1-424b-9868-57a2d4851a1d" />
    <TestEntry testId="56e4fe05-8a6a-3974-0aa8-5f51a929754e" executionId="bf14e681-277f-4532-b819-da8c745e3ef4" testListId="8c84fa94-04c1-424b-9868-57a2d4851a1d" />
    <TestEntry testId="581340a3-5a1c-d13d-04cc-e9b9e5770b3a" executionId="4dbc2c84-5cc9-4c8c-a8bd-30a15992b9b9" testListId="8c84fa94-04c1-424b-9868-57a2d4851a1d" />
    <TestEntry testId="a0ecde32-ca29-e39f-685c-eb6504e1ccad" executionId="ea9c8342-ce3c-4587-8792-013d9d04e2d8" testListId="8c84fa94-04c1-424b-9868-57a2d4851a1d" />
    <TestEntry testId="f4c9d317-1efe-4f4d-c2ec-662d17e724d0" executionId="04b3844c-b373-4c26-9a8f-ab6f08513dd3" testListId="8c84fa94-04c1-424b-9868-57a2d4851a1d" />
    <TestEntry testId="075a0c48-5857-456d-a380-5dca24491b4f" executionId="3e9c948a-c4f5-48de-bfe9-d9372bf57c5f" testListId="8c84fa94-04c1-424b-9868-57a2d4851a1d" />
    <TestEntry testId="e7fa4d78-a32d-0a76-f17f-93bff79444e9" executionId="72734229-fbb0-4927-b16c-29fb10044005" testListId="8c84fa94-04c1-424b-9868-57a2d4851a1d" />
    <TestEntry testId="19284a6f-100f-2484-46ce-42f33d45eaa0" executionId="1fec2c9d-1316-4f65-8b53-bb88cea1d56f" testListId="8c84fa94-04c1-424b-9868-57a2d4851a1d" />
    <TestEntry testId="0d1d2d64-f8ed-c336-6fea-8dbc74eadc57" executionId="94051c98-c92f-40a4-898d-33536072ddb1" testListId="8c84fa94-04c1-424b-9868-57a2d4851a1d" />
    <TestEntry testId="ac4f482c-8eeb-260c-f7b5-487b5b33a533" executionId="828ae886-03ef-44ca-89cc-c52384628cf7" testListId="8c84fa94-04c1-424b-9868-57a2d4851a1d" />
    <TestEntry testId="de178852-2832-15dc-cd58-67e3a528047f" executionId="bb5b5602-4a84-47c7-b2fc-b4bec3c73f5f" testListId="8c84fa94-04c1-424b-9868-57a2d4851a1d" />
    <TestEntry testId="e21fcfa8-8715-112d-b120-308de333c143" executionId="ca7637a6-5dec-4f1c-b1c4-0391ce066d8d" testListId="8c84fa94-04c1-424b-9868-57a2d4851a1d" />
    <TestEntry testId="c8289331-fe36-ec92-1641-e7afabd3a78d" executionId="261482fb-50f5-4c7a-91ef-6888e49f7473" testListId="8c84fa94-04c1-424b-9868-57a2d4851a1d" />
    <TestEntry testId="3bef43ff-0955-1d66-7986-02c27f00497d" executionId="5ac703ee-b21f-445d-a7ab-b9f9adb64a7a" testListId="8c84fa94-04c1-424b-9868-57a2d4851a1d" />
    <TestEntry testId="816ba126-d94e-dbfe-cac6-b4f5fa1cf643" executionId="2637fac8-36b7-4482-b2e5-4b88e9d2bdf8" testListId="8c84fa94-04c1-424b-9868-57a2d4851a1d" />
    <TestEntry testId="f2928a6a-e6bd-ef1a-3343-33049b0a6cc5" executionId="0f6095a3-7629-40ae-b10e-c426f3821c2e" testListId="8c84fa94-04c1-424b-9868-57a2d4851a1d" />
    <TestEntry testId="2727d281-fd0e-51fa-aecf-28c2458cb250" executionId="86c95bf7-5c4e-47c6-ab85-31bdb8b9cd05" testListId="8c84fa94-04c1-424b-9868-57a2d4851a1d" />
    <TestEntry testId="87092c49-3e0f-1747-69f8-a009bb1ddc6c" executionId="07fc5281-4f3f-46f3-8a37-38d6ff5f5802" testListId="8c84fa94-04c1-424b-9868-57a2d4851a1d" />
    <TestEntry testId="cb9f06d6-315c-d282-a6ee-e7dffc59c492" executionId="59f3cee0-d9c3-4838-b12e-3046d814fd92" testListId="8c84fa94-04c1-424b-9868-57a2d4851a1d" />
    <TestEntry testId="cd60b788-f25f-7b27-e1ed-34255aad4949" executionId="d0abb878-3a8e-4736-bd9e-c2b9db2d6840" testListId="8c84fa94-04c1-424b-9868-57a2d4851a1d" />
    <TestEntry testId="34426dcc-e3f7-f0a2-e653-bb8a897a3dec" executionId="8117ecf9-abdd-4ed5-9d8f-08aebf4f7590" testListId="8c84fa94-04c1-424b-9868-57a2d4851a1d" />
    <TestEntry testId="094c3e19-a835-507f-18e3-17c97b3c2cc5" executionId="ac2236ca-4ac0-4363-91ed-70803ab5f730" testListId="8c84fa94-04c1-424b-9868-57a2d4851a1d" />
    <TestEntry testId="ef0b2acf-56a8-98b2-c8fa-cd8c030b30b1" executionId="051bc33d-c46f-47f0-b8c2-bf5861b5bea8" testListId="8c84fa94-04c1-424b-9868-57a2d4851a1d" />
    <TestEntry testId="c53572b3-14b9-3656-ba75-9d6de2e25a2b" executionId="0bf1399e-6f71-460b-923b-ad1bc6718f86" testListId="8c84fa94-04c1-424b-9868-57a2d4851a1d" />
    <TestEntry testId="75018579-c8db-d7cf-9906-7e952b3ae22d" executionId="34be72a9-3b1b-419d-9619-20e1677aa74c" testListId="8c84fa94-04c1-424b-9868-57a2d4851a1d" />
    <TestEntry testId="b4c6eacc-022d-5c14-ae50-61c10f06f530" executionId="d50bfcb1-6f90-4787-bcdd-bd132d0e6121" testListId="8c84fa94-04c1-424b-9868-57a2d4851a1d" />
    <TestEntry testId="12b584e8-ee48-c684-51d5-457ddd2282c8" executionId="17e5a04e-3a22-4b6e-9410-2eff73ddc920" testListId="8c84fa94-04c1-424b-9868-57a2d4851a1d" />
    <TestEntry testId="ae655213-16b6-c0c0-51ee-e4c41249c331" executionId="bc512a58-fa3d-4439-837c-e74c27772512" testListId="8c84fa94-04c1-424b-9868-57a2d4851a1d" />
    <TestEntry testId="9cf2b712-b852-924b-3898-9616e2126c92" executionId="0e1a6d66-b7b7-4812-9616-fa0c6822d6a7" testListId="8c84fa94-04c1-424b-9868-57a2d4851a1d" />
    <TestEntry testId="e52720b0-b752-5d00-d611-41e69acb3daa" executionId="c84a2859-7a96-42df-8415-c951572772cc" testListId="8c84fa94-04c1-424b-9868-57a2d4851a1d" />
    <TestEntry testId="8ea013df-9795-be01-9b78-2b309d8475b4" executionId="cfd42ac1-2546-4843-852b-706c236e2408" testListId="8c84fa94-04c1-424b-9868-57a2d4851a1d" />
    <TestEntry testId="1ffe3259-427d-4f6c-b6c3-8b0893c78604" executionId="058cc661-7773-4a9a-b12a-1a9318a63684" testListId="8c84fa94-04c1-424b-9868-57a2d4851a1d" />
    <TestEntry testId="d6ed9540-6c7b-31a3-9de2-168b8401d89b" executionId="c27e4412-babe-4cd1-b5de-ed52193248bb" testListId="8c84fa94-04c1-424b-9868-57a2d4851a1d" />
  </TestEntries>
  <TestLists>
    <TestList name="목록에 없는 결과" id="8c84fa94-04c1-424b-9868-57a2d4851a1d" />
    <TestList name="로드된 모든 결과" id="19431567-8539-422a-85d7-44ee4e166bda" />
  </TestLists>
  <ResultSummary outcome="Failed">
    <Counters total="105" executed="105" passed="97" failed="8" error="0" timeout="0" aborted="0" inconclusive="0" passedButRunAborted="0" notRunnable="0" notExecuted="0" disconnected="0" warning="0" completed="0" inProgress="0" pending="0" />
    <Output>
      <StdOut>NUnit Adapter 6.1.0.0: Test execution started
Running all tests in /Users/geseuteu/vision-inspection-portfolio/02_inspection/InspectionSystem.Tests/bin/Debug/net10.0/InspectionSystem.Tests.dll
   NUnit3TestExecutor discovered 105 of 105 NUnit test cases using Current Discovery mode, Non-Explicit run
info: InspectionSystem.Core.Services.SettingsService[0]
      Settings file not found. Using defaults: test_settings.json

info: InspectionSystem.Core.Services.SettingsService[0]
      Settings file not found. Using defaults: test_settings.json

info: InspectionSystem.Core.Services.SettingsService[0]
      Settings file not found. Using defaults: test_settings.json

info: InspectionSystem.Core.Services.SettingsService[0]
      Settings file not found. Using defaults: test_settings.json

info: InspectionSystem.Core.Services.SettingsService[0]
      Settings file not found. Using defaults: test_settings.json

info: InspectionSystem.Core.Services.SettingsService[0]
      Settings file not found. Using defaults: test_settings.json

info: InspectionSystem.Core.Services.SettingsService[0]
      Settings file not found. Using defaults: test_settings.json

NUnit Adapter 6.1.0.0: Test execution complete
</StdOut>
    </Output>
  </ResultSummary>
</TestRun>